<?xml version="1.0" encoding="UTF-8"?>
<TestRun id="ac833736-3baf-4c38-a61f-bf30e6285c22" name="gblock@GBLOCK-3-17 2011-04-14 01:01:25" runUser="REDMOND\gblock" xmlns="http://microsoft.com/schemas/VisualStudio/TeamTest/2010">
  <TestSettings name="Trace and Test Impact" id="e4b741f9-75b1-4816-82ac-1e2250cc91e2">
    <Description>These are test settings for Trace and Test Impact.</Description>
    <Execution>
      <TestTypeSpecific />
      <AgentRule name="Execution Agents">
        <DataCollectors>
          <DataCollector uri="datacollector://microsoft/SystemInfo/1.0" assemblyQualifiedName="Microsoft.VisualStudio.TestTools.DataCollection.SystemInfo.SystemInfoDataCollector, Microsoft.VisualStudio.TestTools.DataCollection.SystemInfo, Version=10.0.0.0, Culture=neutral, PublicKeyToken=b03f5f7f11d50a3a" friendlyName="System Information">
          </DataCollector>
          <DataCollector uri="datacollector://microsoft/ActionLog/1.0" assemblyQualifiedName="Microsoft.VisualStudio.TestTools.ManualTest.ActionLog.ActionLogPlugin, Microsoft.VisualStudio.TestTools.ManualTest.ActionLog, Version=10.0.0.0, Culture=neutral, PublicKeyToken=b03f5f7f11d50a3a" friendlyName="Actions">
          </DataCollector>
          <DataCollector uri="datacollector://microsoft/HttpProxy/1.0" assemblyQualifiedName="Microsoft.VisualStudio.TraceCollector.HttpProxyCollector, Microsoft.VisualStudio.TraceCollector, Version=10.0.0.0, Culture=neutral, PublicKeyToken=b03f5f7f11d50a3a" friendlyName="ASP.NET Client Proxy for IntelliTrace and Test Impact">
          </DataCollector>
          <DataCollector uri="datacollector://microsoft/TestImpact/1.0" assemblyQualifiedName="Microsoft.VisualStudio.TraceCollector.TestImpactDataCollector, Microsoft.VisualStudio.TraceCollector, Version=10.0.0.0, Culture=neutral, PublicKeyToken=b03f5f7f11d50a3a" friendlyName="Test Impact">
          </DataCollector>
          <DataCollector uri="datacollector://microsoft/TraceDebugger/1.0" assemblyQualifiedName="Microsoft.VisualStudio.TraceCollector.TraceDebuggerDataCollector, Microsoft.VisualStudio.TraceCollector, Version=10.0.0.0, Culture=neutral, PublicKeyToken=b03f5f7f11d50a3a" friendlyName="IntelliTrace">
          </DataCollector>
        </DataCollectors>
      </AgentRule>
    </Execution>
    <Deployment runDeploymentRoot="gblock_GBLOCK-3-17 2011-04-14 01_01_25" />
  </TestSettings>
  <Times creation="2011-04-14T01:01:25.7631736-07:00" queuing="2011-04-14T01:01:32.0127985-07:00" start="2011-04-14T01:01:32.5518524-07:00" finish="2011-04-14T01:02:29.1925159-07:00" />
  <ResultSummary outcome="Error">
    <Counters total="212" executed="212" passed="204" error="0" failed="8" timeout="0" aborted="0" inconclusive="0" passedButRunAborted="0" notRunnable="0" notExecuted="0" disconnected="0" warning="0" completed="0" inProgress="0" pending="0" />
    <DataCollectorMessages>
      <DataCollectorMessage timestamp="2011-04-14T01:01:32.3048277-07:00" agentName="GBLOCK-3-17" level="Error">
        <Text>The diagnostic data adapter 'Microsoft.VisualStudio.TestTools.DataCollection.SystemInfo.SystemInfoDataCollector, Microsoft.VisualStudio.TestTools.DataCollection.SystemInfo, Version=10.0.0.0, Culture=neutral, PublicKeyToken=b03f5f7f11d50a3a' on agent 'GBLOCK-3-17' threw an exception during type loading, construction, or initialization: System.IO.FileNotFoundException: Could not load file or assembly 'Microsoft.VisualStudio.TestTools.DataCollection.SystemInfo, Version=10.0.0.0, Culture=neutral, PublicKeyToken=b03f5f7f11d50a3a' or one of its dependencies. The system cannot find the file specified.
File name: 'Microsoft.VisualStudio.TestTools.DataCollection.SystemInfo, Version=10.0.0.0, Culture=neutral, PublicKeyToken=b03f5f7f11d50a3a'
   at System.RuntimeTypeHandle.GetTypeByName(String name, Boolean throwOnError, Boolean ignoreCase, Boolean reflectionOnly, StackCrawlMarkHandle stackMark, Boolean loadTypeFromPartialName, ObjectHandleOnStack type)
   at System.RuntimeTypeHandle.GetTypeByName(String name, Boolean throwOnError, Boolean ignoreCase, Boolean reflectionOnly, StackCrawlMark&amp; stackMark, Boolean loadTypeFromPartialName)
   at System.RuntimeType.GetType(String typeName, Boolean throwOnError, Boolean ignoreCase, Boolean reflectionOnly, StackCrawlMark&amp; stackMark)
   at System.Type.GetType(String typeName, Boolean throwOnError)
   at Microsoft.VisualStudio.TestTools.DataCollection.ExecutionPluginManager.LoadAndInitDataCollectorAsync(TestRun testRun, String collectorTypeName, Dictionary`2 dataCollectorCache)

WRN: Assembly binding logging is turned OFF.
To enable assembly bind failure logging, set the registry value [HKLM\Software\Microsoft\Fusion!EnableLog] (DWORD) to 1.
Note: There is some performance penalty associated with assembly bind failure logging.
To turn this feature off, remove the registry value [HKLM\Software\Microsoft\Fusion!EnableLog].
.</Text>
      </DataCollectorMessage>
      <DataCollectorMessage timestamp="2011-04-14T01:01:32.4078380-07:00" agentName="GBLOCK-3-17" level="Error">
        <Text>The diagnostic data adapter 'Microsoft.VisualStudio.TestTools.ManualTest.ActionLog.ActionLogPlugin, Microsoft.VisualStudio.TestTools.ManualTest.ActionLog, Version=10.0.0.0, Culture=neutral, PublicKeyToken=b03f5f7f11d50a3a' on agent 'GBLOCK-3-17' threw an exception during type loading, construction, or initialization: System.IO.FileNotFoundException: Could not load file or assembly 'Microsoft.VisualStudio.TestTools.ManualTest.ActionLog, Version=10.0.0.0, Culture=neutral, PublicKeyToken=b03f5f7f11d50a3a' or one of its dependencies. The system cannot find the file specified.
File name: 'Microsoft.VisualStudio.TestTools.ManualTest.ActionLog, Version=10.0.0.0, Culture=neutral, PublicKeyToken=b03f5f7f11d50a3a'
   at System.RuntimeTypeHandle.GetTypeByName(String name, Boolean throwOnError, Boolean ignoreCase, Boolean reflectionOnly, StackCrawlMarkHandle stackMark, Boolean loadTypeFromPartialName, ObjectHandleOnStack type)
   at System.RuntimeTypeHandle.GetTypeByName(String name, Boolean throwOnError, Boolean ignoreCase, Boolean reflectionOnly, StackCrawlMark&amp; stackMark, Boolean loadTypeFromPartialName)
   at System.RuntimeType.GetType(String typeName, Boolean throwOnError, Boolean ignoreCase, Boolean reflectionOnly, StackCrawlMark&amp; stackMark)
   at System.Type.GetType(String typeName, Boolean throwOnError)
   at Microsoft.VisualStudio.TestTools.DataCollection.ExecutionPluginManager.LoadAndInitDataCollectorAsync(TestRun testRun, String collectorTypeName, Dictionary`2 dataCollectorCache)

WRN: Assembly binding logging is turned OFF.
To enable assembly bind failure logging, set the registry value [HKLM\Software\Microsoft\Fusion!EnableLog] (DWORD) to 1.
Note: There is some performance penalty associated with assembly bind failure logging.
To turn this feature off, remove the registry value [HKLM\Software\Microsoft\Fusion!EnableLog].
.</Text>
      </DataCollectorMessage>
      <DataCollectorMessage timestamp="2011-04-14T01:01:32.4938466-07:00" agentName="GBLOCK-3-17" level="Error">
        <Text>The diagnostic data adapter 'Microsoft.VisualStudio.TraceCollector.HttpProxyCollector, Microsoft.VisualStudio.TraceCollector, Version=10.0.0.0, Culture=neutral, PublicKeyToken=b03f5f7f11d50a3a' on agent 'GBLOCK-3-17' threw an exception during type loading, construction, or initialization: System.IO.FileNotFoundException: Could not load file or assembly 'Microsoft.VisualStudio.TraceCollector, Version=10.0.0.0, Culture=neutral, PublicKeyToken=b03f5f7f11d50a3a' or one of its dependencies. The system cannot find the file specified.
File name: 'Microsoft.VisualStudio.TraceCollector, Version=10.0.0.0, Culture=neutral, PublicKeyToken=b03f5f7f11d50a3a'
   at System.RuntimeTypeHandle.GetTypeByName(String name, Boolean throwOnError, Boolean ignoreCase, Boolean reflectionOnly, StackCrawlMarkHandle stackMark, Boolean loadTypeFromPartialName, ObjectHandleOnStack type)
   at System.RuntimeTypeHandle.GetTypeByName(String name, Boolean throwOnError, Boolean ignoreCase, Boolean reflectionOnly, StackCrawlMark&amp; stackMark, Boolean loadTypeFromPartialName)
   at System.RuntimeType.GetType(String typeName, Boolean throwOnError, Boolean ignoreCase, Boolean reflectionOnly, StackCrawlMark&amp; stackMark)
   at System.Type.GetType(String typeName, Boolean throwOnError)
   at Microsoft.VisualStudio.TestTools.DataCollection.ExecutionPluginManager.LoadAndInitDataCollectorAsync(TestRun testRun, String collectorTypeName, Dictionary`2 dataCollectorCache)

WRN: Assembly binding logging is turned OFF.
To enable assembly bind failure logging, set the registry value [HKLM\Software\Microsoft\Fusion!EnableLog] (DWORD) to 1.
Note: There is some performance penalty associated with assembly bind failure logging.
To turn this feature off, remove the registry value [HKLM\Software\Microsoft\Fusion!EnableLog].
.</Text>
      </DataCollectorMessage>
      <DataCollectorMessage timestamp="2011-04-14T01:01:32.4948467-07:00" agentName="GBLOCK-3-17" level="Error">
        <Text>The diagnostic data adapter 'Microsoft.VisualStudio.TraceCollector.TestImpactDataCollector, Microsoft.VisualStudio.TraceCollector, Version=10.0.0.0, Culture=neutral, PublicKeyToken=b03f5f7f11d50a3a' on agent 'GBLOCK-3-17' threw an exception during type loading, construction, or initialization: System.IO.FileNotFoundException: Could not load file or assembly 'Microsoft.VisualStudio.TraceCollector, Version=10.0.0.0, Culture=neutral, PublicKeyToken=b03f5f7f11d50a3a' or one of its dependencies. The system cannot find the file specified.
File name: 'Microsoft.VisualStudio.TraceCollector, Version=10.0.0.0, Culture=neutral, PublicKeyToken=b03f5f7f11d50a3a'
   at System.RuntimeTypeHandle.GetTypeByName(String name, Boolean throwOnError, Boolean ignoreCase, Boolean reflectionOnly, StackCrawlMarkHandle stackMark, Boolean loadTypeFromPartialName, ObjectHandleOnStack type)
   at System.RuntimeTypeHandle.GetTypeByName(String name, Boolean throwOnError, Boolean ignoreCase, Boolean reflectionOnly, StackCrawlMark&amp; stackMark, Boolean loadTypeFromPartialName)
   at System.RuntimeType.GetType(String typeName, Boolean throwOnError, Boolean ignoreCase, Boolean reflectionOnly, StackCrawlMark&amp; stackMark)
   at System.Type.GetType(String typeName, Boolean throwOnError)
   at Microsoft.VisualStudio.TestTools.DataCollection.ExecutionPluginManager.LoadAndInitDataCollectorAsync(TestRun testRun, String collectorTypeName, Dictionary`2 dataCollectorCache)

WRN: Assembly binding logging is turned OFF.
To enable assembly bind failure logging, set the registry value [HKLM\Software\Microsoft\Fusion!EnableLog] (DWORD) to 1.
Note: There is some performance penalty associated with assembly bind failure logging.
To turn this feature off, remove the registry value [HKLM\Software\Microsoft\Fusion!EnableLog].
.</Text>
      </DataCollectorMessage>
      <DataCollectorMessage timestamp="2011-04-14T01:01:32.4958468-07:00" agentName="GBLOCK-3-17" level="Error">
        <Text>The diagnostic data adapter 'Microsoft.VisualStudio.TraceCollector.TraceDebuggerDataCollector, Microsoft.VisualStudio.TraceCollector, Version=10.0.0.0, Culture=neutral, PublicKeyToken=b03f5f7f11d50a3a' on agent 'GBLOCK-3-17' threw an exception during type loading, construction, or initialization: System.IO.FileNotFoundException: Could not load file or assembly 'Microsoft.VisualStudio.TraceCollector, Version=10.0.0.0, Culture=neutral, PublicKeyToken=b03f5f7f11d50a3a' or one of its dependencies. The system cannot find the file specified.
File name: 'Microsoft.VisualStudio.TraceCollector, Version=10.0.0.0, Culture=neutral, PublicKeyToken=b03f5f7f11d50a3a'
   at System.RuntimeTypeHandle.GetTypeByName(String name, Boolean throwOnError, Boolean ignoreCase, Boolean reflectionOnly, StackCrawlMarkHandle stackMark, Boolean loadTypeFromPartialName, ObjectHandleOnStack type)
   at System.RuntimeTypeHandle.GetTypeByName(String name, Boolean throwOnError, Boolean ignoreCase, Boolean reflectionOnly, StackCrawlMark&amp; stackMark, Boolean loadTypeFromPartialName)
   at System.RuntimeType.GetType(String typeName, Boolean throwOnError, Boolean ignoreCase, Boolean reflectionOnly, StackCrawlMark&amp; stackMark)
   at System.Type.GetType(String typeName, Boolean throwOnError)
   at Microsoft.VisualStudio.TestTools.DataCollection.ExecutionPluginManager.LoadAndInitDataCollectorAsync(TestRun testRun, String collectorTypeName, Dictionary`2 dataCollectorCache)

WRN: Assembly binding logging is turned OFF.
To enable assembly bind failure logging, set the registry value [HKLM\Software\Microsoft\Fusion!EnableLog] (DWORD) to 1.
Note: There is some performance penalty associated with assembly bind failure logging.
To turn this feature off, remove the registry value [HKLM\Software\Microsoft\Fusion!EnableLog].
.</Text>
      </DataCollectorMessage>
    </DataCollectorMessages>
  </ResultSummary>
  <TestDefinitions>
    <UnitTest name="CloseRequestContextTestA4" storage="f:\advisorsrepo\wcfhttp\http\test\microsoft.applicationserver.http\scenario\bin\debug\microsoft.applicationserver.http.cit.scenario.dll" id="2d2259de-e308-659d-de99-6be3f1b5a5b1">
      <Execution timeOut="30000" id="1d62ee9c-3917-4c2e-b69e-ab0bc0ed5f03" />
      <Owners>
        <Owner name="derik" />
      </Owners>
      <TestCategory>
        <TestCategoryItem TestCategory="CIT" />
      </TestCategory>
      <TestMethod codeBase="F:/advisorsrepo/wcfhttp/Http/Test/Microsoft.ApplicationServer.Http/Scenario/bin/Debug/Microsoft.ApplicationServer.Http.CIT.Scenario.DLL" adapterTypeName="Microsoft.VisualStudio.TestTools.TestTypes.Unit.UnitTestAdapter, Microsoft.VisualStudio.QualityTools.Tips.UnitTest.Adapter, Version=10.0.0.0, Culture=neutral, PublicKeyToken=b03f5f7f11d50a3a" className="Microsoft.ApplicationServer.Http.CIT.Scenario.CloseRequestContextTests, Microsoft.ApplicationServer.Http.CIT.Scenario, Version=0.0.0.0, Culture=neutral, PublicKeyToken=null" name="CloseRequestContextTestA4" />
    </UnitTest>
    <UnitTest name="BadHandlerConstructorServiceTest7" storage="f:\advisorsrepo\wcfhttp\http\test\microsoft.applicationserver.http\scenario\bin\debug\microsoft.applicationserver.http.cit.scenario.dll" id="cad5d31b-1f99-a197-0fbc-d204907c9be4">
      <Execution timeOut="30000" id="d5a4db01-6565-4973-8c12-01b57aa28126" />
      <Owners>
        <Owner name="derik" />
      </Owners>
      <TestCategory>
        <TestCategoryItem TestCategory="CIT" />
      </TestCategory>
      <TestMethod codeBase="F:/advisorsrepo/wcfhttp/Http/Test/Microsoft.ApplicationServer.Http/Scenario/bin/Debug/Microsoft.ApplicationServer.Http.CIT.Scenario.DLL" adapterTypeName="Microsoft.VisualStudio.TestTools.TestTypes.Unit.UnitTestAdapter, Microsoft.VisualStudio.QualityTools.Tips.UnitTest.Adapter, Version=10.0.0.0, Culture=neutral, PublicKeyToken=b03f5f7f11d50a3a" className="Microsoft.ApplicationServer.Http.CIT.Scenario.BadHandlerConstructorServiceTests, Microsoft.ApplicationServer.Http.CIT.Scenario, Version=0.0.0.0, Culture=neutral, PublicKeyToken=null" name="BadHandlerConstructorServiceTest7" />
    </UnitTest>
    <UnitTest name="CloseChannelTestB6" storage="f:\advisorsrepo\wcfhttp\http\test\microsoft.applicationserver.http\scenario\bin\debug\microsoft.applicationserver.http.cit.scenario.dll" id="134b69af-db08-c333-6962-d001ab7492a7">
      <Execution timeOut="30000" id="5d8f04d2-088a-42d6-a868-aa5cb542b6e2" />
      <Owners>
        <Owner name="derik" />
      </Owners>
      <TestCategory>
        <TestCategoryItem TestCategory="CIT" />
        <TestCategoryItem TestCategory="ADP_Basics" />
      </TestCategory>
      <TestMethod codeBase="F:/advisorsrepo/wcfhttp/Http/Test/Microsoft.ApplicationServer.Http/Scenario/bin/Debug/Microsoft.ApplicationServer.Http.CIT.Scenario.DLL" adapterTypeName="Microsoft.VisualStudio.TestTools.TestTypes.Unit.UnitTestAdapter, Microsoft.VisualStudio.QualityTools.Tips.UnitTest.Adapter, Version=10.0.0.0, Culture=neutral, PublicKeyToken=b03f5f7f11d50a3a" className="Microsoft.ApplicationServer.Http.CIT.Scenario.CloseChannelTests, Microsoft.ApplicationServer.Http.CIT.Scenario, Version=0.0.0.0, Culture=neutral, PublicKeyToken=null" name="CloseChannelTestB6" />
    </UnitTest>
    <UnitTest name="CloseChannelTestA2" storage="f:\advisorsrepo\wcfhttp\http\test\microsoft.applicationserver.http\scenario\bin\debug\microsoft.applicationserver.http.cit.scenario.dll" id="51427f18-dbbe-6335-d57e-bceedb6cc7f2">
      <Execution timeOut="30000" id="ced38fee-0f82-43c0-98dc-ca443e36d9d9" />
      <Owners>
        <Owner name="derik" />
      </Owners>
      <TestCategory>
        <TestCategoryItem TestCategory="ADP_Basics" />
        <TestCategoryItem TestCategory="CIT" />
      </TestCategory>
      <TestMethod codeBase="F:/advisorsrepo/wcfhttp/Http/Test/Microsoft.ApplicationServer.Http/Scenario/bin/Debug/Microsoft.ApplicationServer.Http.CIT.Scenario.DLL" adapterTypeName="Microsoft.VisualStudio.TestTools.TestTypes.Unit.UnitTestAdapter, Microsoft.VisualStudio.QualityTools.Tips.UnitTest.Adapter, Version=10.0.0.0, Culture=neutral, PublicKeyToken=b03f5f7f11d50a3a" className="Microsoft.ApplicationServer.Http.CIT.Scenario.CloseChannelTests, Microsoft.ApplicationServer.Http.CIT.Scenario, Version=0.0.0.0, Culture=neutral, PublicKeyToken=null" name="CloseChannelTestA2" />
    </UnitTest>
    <UnitTest name="BadServiceTest1" storage="f:\advisorsrepo\wcfhttp\http\test\microsoft.applicationserver.http\scenario\bin\debug\microsoft.applicationserver.http.cit.scenario.dll" id="a65bcb6e-9094-121d-4876-44f925bde4b2">
      <Execution timeOut="30000" id="c9aedda1-f717-45a9-8a1f-c639b021dc53" />
      <Owners>
        <Owner name="derik" />
      </Owners>
      <TestCategory>
        <TestCategoryItem TestCategory="CIT" />
      </TestCategory>
      <TestMethod codeBase="F:/advisorsrepo/wcfhttp/Http/Test/Microsoft.ApplicationServer.Http/Scenario/bin/Debug/Microsoft.ApplicationServer.Http.CIT.Scenario.DLL" adapterTypeName="Microsoft.VisualStudio.TestTools.TestTypes.Unit.UnitTestAdapter, Microsoft.VisualStudio.QualityTools.Tips.UnitTest.Adapter, Version=10.0.0.0, Culture=neutral, PublicKeyToken=b03f5f7f11d50a3a" className="Microsoft.ApplicationServer.Http.CIT.Scenario.BadServiceTests, Microsoft.ApplicationServer.Http.CIT.Scenario, Version=0.0.0.0, Culture=neutral, PublicKeyToken=null" name="BadServiceTest1" />
    </UnitTest>
    <UnitTest name="Update_Existing_Customer" storage="f:\advisorsrepo\wcfhttp\http\test\microsoft.applicationserver.http\scenario\bin\debug\microsoft.applicationserver.http.cit.scenario.dll" id="57220689-5fe7-e731-f740-76c47358b9e9">
      <Description>Sends a PUT request to update a single customer that already exists by default.</Description>
      <Execution timeOut="30000" id="b326e19c-a55d-4c77-9aed-35d5ae8fd543" />
      <Owners>
        <Owner name="derik" />
      </Owners>
      <TestCategory>
        <TestCategoryItem TestCategory="CIT" />
      </TestCategory>
      <TestMethod codeBase="F:/advisorsrepo/wcfhttp/Http/Test/Microsoft.ApplicationServer.Http/Scenario/bin/Debug/Microsoft.ApplicationServer.Http.CIT.Scenario.DLL" adapterTypeName="Microsoft.VisualStudio.TestTools.TestTypes.Unit.UnitTestAdapter, Microsoft.VisualStudio.QualityTools.Tips.UnitTest.Adapter, Version=10.0.0.0, Culture=neutral, PublicKeyToken=b03f5f7f11d50a3a" className="Microsoft.ApplicationServer.Http.CIT.Scenario.ScenarioTests, Microsoft.ApplicationServer.Http.CIT.Scenario, Version=0.0.0.0, Culture=neutral, PublicKeyToken=null" name="Update_Existing_Customer" />
    </UnitTest>
    <UnitTest name="PostAndReadAsXmlNoDerivedTypes" storage="f:\advisorsrepo\wcfhttp\http\test\microsoft.applicationserver.http\scenario\bin\debug\microsoft.applicationserver.http.cit.scenario.dll" id="d8c28c6d-0b58-db24-d9e0-9713bd92b2dc">
      <Description>All value and reference types (without derived types) can be read Http POST of HttpRequestMessage&lt;T&gt; and ReadAs using XmlSerializer.</Description>
      <Execution timeOut="240000" id="915a442f-5da4-4510-8b0a-9826773b0db5" />
      <Owners>
        <Owner name="dravva" />
      </Owners>
      <TestCategory>
        <TestCategoryItem TestCategory="CIT" />
      </TestCategory>
      <TestMethod codeBase="F:/advisorsrepo/wcfhttp/Http/Test/Microsoft.ApplicationServer.Http/Scenario/bin/Debug/Microsoft.ApplicationServer.Http.CIT.Scenario.DLL" adapterTypeName="Microsoft.VisualStudio.TestTools.TestTypes.Unit.UnitTestAdapter, Microsoft.VisualStudio.QualityTools.Tips.UnitTest.Adapter, Version=10.0.0.0, Culture=neutral, PublicKeyToken=b03f5f7f11d50a3a" className="Microsoft.ApplicationServer.Http.CIT.Scenario.ObjectContentScenarioTests, Microsoft.ApplicationServer.Http.CIT.Scenario, Version=0.0.0.0, Culture=neutral, PublicKeyToken=null" name="PostAndReadAsXmlNoDerivedTypes" />
    </UnitTest>
    <UnitTest name="RequestFailureHandlerTest6" storage="f:\advisorsrepo\wcfhttp\http\test\microsoft.applicationserver.http\scenario\bin\debug\microsoft.applicationserver.http.cit.scenario.dll" id="7cd6f6d1-a843-bd0f-abb5-35876a104d48">
      <Execution timeOut="30000" id="12dbe0f4-0b7b-4fab-8620-26f83433f2b9" />
      <Owners>
        <Owner name="derik" />
      </Owners>
      <TestCategory>
        <TestCategoryItem TestCategory="ADP_Basics" />
        <TestCategoryItem TestCategory="CIT" />
      </TestCategory>
      <TestMethod codeBase="F:/advisorsrepo/wcfhttp/Http/Test/Microsoft.ApplicationServer.Http/Scenario/bin/Debug/Microsoft.ApplicationServer.Http.CIT.Scenario.DLL" adapterTypeName="Microsoft.VisualStudio.TestTools.TestTypes.Unit.UnitTestAdapter, Microsoft.VisualStudio.QualityTools.Tips.UnitTest.Adapter, Version=10.0.0.0, Culture=neutral, PublicKeyToken=b03f5f7f11d50a3a" className="Microsoft.ApplicationServer.Http.CIT.Scenario.RequestFailureHandlerTests, Microsoft.ApplicationServer.Http.CIT.Scenario, Version=0.0.0.0, Culture=neutral, PublicKeyToken=null" name="RequestFailureHandlerTest6" />
    </UnitTest>
    <UnitTest name="NestedHandlerTest3" storage="f:\advisorsrepo\wcfhttp\http\test\microsoft.applicationserver.http\scenario\bin\debug\microsoft.applicationserver.http.cit.scenario.dll" id="eb0ef4a9-4d9e-77c9-45b5-44a5da5d014e">
      <Execution timeOut="30000" id="9082b82e-dfbc-4956-abd9-f427d0728b87" />
      <Owners>
        <Owner name="derik" />
      </Owners>
      <TestCategory>
        <TestCategoryItem TestCategory="CIT" />
      </TestCategory>
      <TestMethod codeBase="F:/advisorsrepo/wcfhttp/Http/Test/Microsoft.ApplicationServer.Http/Scenario/bin/Debug/Microsoft.ApplicationServer.Http.CIT.Scenario.DLL" adapterTypeName="Microsoft.VisualStudio.TestTools.TestTypes.Unit.UnitTestAdapter, Microsoft.VisualStudio.QualityTools.Tips.UnitTest.Adapter, Version=10.0.0.0, Culture=neutral, PublicKeyToken=b03f5f7f11d50a3a" className="Microsoft.ApplicationServer.Http.CIT.Scenario.NestedHandlerTests, Microsoft.ApplicationServer.Http.CIT.Scenario, Version=0.0.0.0, Culture=neutral, PublicKeyToken=null" name="NestedHandlerTest3" />
    </UnitTest>
    <UnitTest name="NotFoundServiceTest1" storage="f:\advisorsrepo\wcfhttp\http\test\microsoft.applicationserver.http\scenario\bin\debug\microsoft.applicationserver.http.cit.scenario.dll" id="9efec71f-0ac0-1d8e-a0bb-96b5b21b8a47">
      <Execution timeOut="30000" id="050865cc-1534-4151-a0ef-3b205be05ac4" />
      <Owners>
        <Owner name="derik" />
      </Owners>
      <TestCategory>
        <TestCategoryItem TestCategory="ADP_Basics" />
        <TestCategoryItem TestCategory="CIT" />
      </TestCategory>
      <TestMethod codeBase="F:/advisorsrepo/wcfhttp/Http/Test/Microsoft.ApplicationServer.Http/Scenario/bin/Debug/Microsoft.ApplicationServer.Http.CIT.Scenario.DLL" adapterTypeName="Microsoft.VisualStudio.TestTools.TestTypes.Unit.UnitTestAdapter, Microsoft.VisualStudio.QualityTools.Tips.UnitTest.Adapter, Version=10.0.0.0, Culture=neutral, PublicKeyToken=b03f5f7f11d50a3a" className="Microsoft.ApplicationServer.Http.CIT.Scenario.NotFoundServiceTests, Microsoft.ApplicationServer.Http.CIT.Scenario, Version=0.0.0.0, Culture=neutral, PublicKeyToken=null" name="NotFoundServiceTest1" />
    </UnitTest>
    <UnitTest name="CloseRequestContextTestB4" storage="f:\advisorsrepo\wcfhttp\http\test\microsoft.applicationserver.http\scenario\bin\debug\microsoft.applicationserver.http.cit.scenario.dll" id="1b8c4fa3-0cd5-af7b-e3bc-0ea95a970937">
      <Execution timeOut="30000" id="036009b3-f021-4651-b6d0-23d82959ed77" />
      <Owners>
        <Owner name="derik" />
      </Owners>
      <TestCategory>
        <TestCategoryItem TestCategory="CIT" />
      </TestCategory>
      <TestMethod codeBase="F:/advisorsrepo/wcfhttp/Http/Test/Microsoft.ApplicationServer.Http/Scenario/bin/Debug/Microsoft.ApplicationServer.Http.CIT.Scenario.DLL" adapterTypeName="Microsoft.VisualStudio.TestTools.TestTypes.Unit.UnitTestAdapter, Microsoft.VisualStudio.QualityTools.Tips.UnitTest.Adapter, Version=10.0.0.0, Culture=neutral, PublicKeyToken=b03f5f7f11d50a3a" className="Microsoft.ApplicationServer.Http.CIT.Scenario.CloseRequestContextTests, Microsoft.ApplicationServer.Http.CIT.Scenario, Version=0.0.0.0, Culture=neutral, PublicKeyToken=null" name="CloseRequestContextTestB4" />
    </UnitTest>
    <UnitTest name="CloseChannelTestB5" storage="f:\advisorsrepo\wcfhttp\http\test\microsoft.applicationserver.http\scenario\bin\debug\microsoft.applicationserver.http.cit.scenario.dll" id="e522e006-cf7d-fcdf-6d06-3c2566f71474">
      <Execution timeOut="30000" id="184c8295-e32c-4da1-b2af-da04c6303149" />
      <Owners>
        <Owner name="derik" />
      </Owners>
      <TestCategory>
        <TestCategoryItem TestCategory="CIT" />
      </TestCategory>
      <TestMethod codeBase="F:/advisorsrepo/wcfhttp/Http/Test/Microsoft.ApplicationServer.Http/Scenario/bin/Debug/Microsoft.ApplicationServer.Http.CIT.Scenario.DLL" adapterTypeName="Microsoft.VisualStudio.TestTools.TestTypes.Unit.UnitTestAdapter, Microsoft.VisualStudio.QualityTools.Tips.UnitTest.Adapter, Version=10.0.0.0, Culture=neutral, PublicKeyToken=b03f5f7f11d50a3a" className="Microsoft.ApplicationServer.Http.CIT.Scenario.CloseChannelTests, Microsoft.ApplicationServer.Http.CIT.Scenario, Version=0.0.0.0, Culture=neutral, PublicKeyToken=null" name="CloseChannelTestB5" />
    </UnitTest>
    <UnitTest name="DisposeHandlerTest3" storage="f:\advisorsrepo\wcfhttp\http\test\microsoft.applicationserver.http\scenario\bin\debug\microsoft.applicationserver.http.cit.scenario.dll" id="1ea82097-5e7a-0044-b688-4f5c8b6b137c">
      <Execution timeOut="30000" id="68272e41-9e47-4a02-9682-b30b6c174e4a" />
      <Owners>
        <Owner name="derik" />
      </Owners>
      <TestCategory>
        <TestCategoryItem TestCategory="CIT" />
      </TestCategory>
      <TestMethod codeBase="F:/advisorsrepo/wcfhttp/Http/Test/Microsoft.ApplicationServer.Http/Scenario/bin/Debug/Microsoft.ApplicationServer.Http.CIT.Scenario.DLL" adapterTypeName="Microsoft.VisualStudio.TestTools.TestTypes.Unit.UnitTestAdapter, Microsoft.VisualStudio.QualityTools.Tips.UnitTest.Adapter, Version=10.0.0.0, Culture=neutral, PublicKeyToken=b03f5f7f11d50a3a" className="Microsoft.ApplicationServer.Http.CIT.Scenario.DisposeHandlerTests, Microsoft.ApplicationServer.Http.CIT.Scenario, Version=0.0.0.0, Culture=neutral, PublicKeyToken=null" name="DisposeHandlerTest3" />
    </UnitTest>
    <UnitTest name="Get_Non_Existing_Customer" storage="f:\advisorsrepo\wcfhttp\http\test\microsoft.applicationserver.http\scenario\bin\debug\microsoft.applicationserver.http.cit.scenario.dll" id="4a655999-b148-94c5-e9d2-f5f4dce8e46f">
      <Description>Sends a GET request for a customer that doesn't exist by default.</Description>
      <Execution timeOut="30000" id="f3f8ba21-3c5f-45bd-90d4-82a4e712238d" />
      <Owners>
        <Owner name="derik" />
      </Owners>
      <TestCategory>
        <TestCategoryItem TestCategory="CIT" />
      </TestCategory>
      <TestMethod codeBase="F:/advisorsrepo/wcfhttp/Http/Test/Microsoft.ApplicationServer.Http/Scenario/bin/Debug/Microsoft.ApplicationServer.Http.CIT.Scenario.DLL" adapterTypeName="Microsoft.VisualStudio.TestTools.TestTypes.Unit.UnitTestAdapter, Microsoft.VisualStudio.QualityTools.Tips.UnitTest.Adapter, Version=10.0.0.0, Culture=neutral, PublicKeyToken=b03f5f7f11d50a3a" className="Microsoft.ApplicationServer.Http.CIT.Scenario.ScenarioTests, Microsoft.ApplicationServer.Http.CIT.Scenario, Version=0.0.0.0, Culture=neutral, PublicKeyToken=null" name="Get_Non_Existing_Customer" />
    </UnitTest>
    <UnitTest name="CloseChannelTestB8" storage="f:\advisorsrepo\wcfhttp\http\test\microsoft.applicationserver.http\scenario\bin\debug\microsoft.applicationserver.http.cit.scenario.dll" id="47d545f5-b7ca-cd09-9597-ae3302bfea47">
      <Execution timeOut="30000" id="0ff71799-f5ca-4a10-9518-0c8814d3df24" />
      <Owners>
        <Owner name="derik" />
      </Owners>
      <TestCategory>
        <TestCategoryItem TestCategory="CIT" />
      </TestCategory>
      <TestMethod codeBase="F:/advisorsrepo/wcfhttp/Http/Test/Microsoft.ApplicationServer.Http/Scenario/bin/Debug/Microsoft.ApplicationServer.Http.CIT.Scenario.DLL" adapterTypeName="Microsoft.VisualStudio.TestTools.TestTypes.Unit.UnitTestAdapter, Microsoft.VisualStudio.QualityTools.Tips.UnitTest.Adapter, Version=10.0.0.0, Culture=neutral, PublicKeyToken=b03f5f7f11d50a3a" className="Microsoft.ApplicationServer.Http.CIT.Scenario.CloseChannelTests, Microsoft.ApplicationServer.Http.CIT.Scenario, Version=0.0.0.0, Culture=neutral, PublicKeyToken=null" name="CloseChannelTestB8" />
    </UnitTest>
    <UnitTest name="BadHandlerConstructorServiceTest6" storage="f:\advisorsrepo\wcfhttp\http\test\microsoft.applicationserver.http\scenario\bin\debug\microsoft.applicationserver.http.cit.scenario.dll" id="6d4bf016-2488-e0ab-1ee7-7635e95c916c">
      <Execution timeOut="30000" id="efd2a796-06c0-4a06-b1fe-6dd488f784bb" />
      <Owners>
        <Owner name="derik" />
      </Owners>
      <TestCategory>
        <TestCategoryItem TestCategory="CIT" />
      </TestCategory>
      <TestMethod codeBase="F:/advisorsrepo/wcfhttp/Http/Test/Microsoft.ApplicationServer.Http/Scenario/bin/Debug/Microsoft.ApplicationServer.Http.CIT.Scenario.DLL" adapterTypeName="Microsoft.VisualStudio.TestTools.TestTypes.Unit.UnitTestAdapter, Microsoft.VisualStudio.QualityTools.Tips.UnitTest.Adapter, Version=10.0.0.0, Culture=neutral, PublicKeyToken=b03f5f7f11d50a3a" className="Microsoft.ApplicationServer.Http.CIT.Scenario.BadHandlerConstructorServiceTests, Microsoft.ApplicationServer.Http.CIT.Scenario, Version=0.0.0.0, Culture=neutral, PublicKeyToken=null" name="BadHandlerConstructorServiceTest6" />
    </UnitTest>
    <UnitTest name="CloseChannelTestB2" storage="f:\advisorsrepo\wcfhttp\http\test\microsoft.applicationserver.http\scenario\bin\debug\microsoft.applicationserver.http.cit.scenario.dll" id="0122dd7c-0391-5e8c-973b-48ccaa14a19f">
      <Execution timeOut="30000" id="d9077e9d-0843-4a2d-b835-94b7e277563a" />
      <Owners>
        <Owner name="derik" />
      </Owners>
      <TestCategory>
        <TestCategoryItem TestCategory="ADP_Basics" />
        <TestCategoryItem TestCategory="CIT" />
      </TestCategory>
      <TestMethod codeBase="F:/advisorsrepo/wcfhttp/Http/Test/Microsoft.ApplicationServer.Http/Scenario/bin/Debug/Microsoft.ApplicationServer.Http.CIT.Scenario.DLL" adapterTypeName="Microsoft.VisualStudio.TestTools.TestTypes.Unit.UnitTestAdapter, Microsoft.VisualStudio.QualityTools.Tips.UnitTest.Adapter, Version=10.0.0.0, Culture=neutral, PublicKeyToken=b03f5f7f11d50a3a" className="Microsoft.ApplicationServer.Http.CIT.Scenario.CloseChannelTests, Microsoft.ApplicationServer.Http.CIT.Scenario, Version=0.0.0.0, Culture=neutral, PublicKeyToken=null" name="CloseChannelTestB2" />
    </UnitTest>
    <UnitTest name="BadFactoryCreateServiceTest8" storage="f:\advisorsrepo\wcfhttp\http\test\microsoft.applicationserver.http\scenario\bin\debug\microsoft.applicationserver.http.cit.scenario.dll" id="54c216e1-4772-2649-8a5c-d7db7822e713">
      <Execution timeOut="30000" id="0e7786ae-84a1-4283-8756-1dd88fa9dc68" />
      <Owners>
        <Owner name="derik" />
      </Owners>
      <TestCategory>
        <TestCategoryItem TestCategory="CIT" />
      </TestCategory>
      <TestMethod codeBase="F:/advisorsrepo/wcfhttp/Http/Test/Microsoft.ApplicationServer.Http/Scenario/bin/Debug/Microsoft.ApplicationServer.Http.CIT.Scenario.DLL" adapterTypeName="Microsoft.VisualStudio.TestTools.TestTypes.Unit.UnitTestAdapter, Microsoft.VisualStudio.QualityTools.Tips.UnitTest.Adapter, Version=10.0.0.0, Culture=neutral, PublicKeyToken=b03f5f7f11d50a3a" className="Microsoft.ApplicationServer.Http.CIT.Scenario.BadFactoryCreateServiceTests, Microsoft.ApplicationServer.Http.CIT.Scenario, Version=0.0.0.0, Culture=neutral, PublicKeyToken=null" name="BadFactoryCreateServiceTest8" />
    </UnitTest>
    <UnitTest name="BadServiceTest6" storage="f:\advisorsrepo\wcfhttp\http\test\microsoft.applicationserver.http\scenario\bin\debug\microsoft.applicationserver.http.cit.scenario.dll" id="54f876a2-f3b7-af17-f273-6222fe96e7b3">
      <Execution timeOut="30000" id="4a7ca58a-a90d-468a-a353-a09fda2a49a7" />
      <Owners>
        <Owner name="derik" />
      </Owners>
      <TestCategory>
        <TestCategoryItem TestCategory="CIT" />
        <TestCategoryItem TestCategory="ADP_Basics" />
      </TestCategory>
      <TestMethod codeBase="F:/advisorsrepo/wcfhttp/Http/Test/Microsoft.ApplicationServer.Http/Scenario/bin/Debug/Microsoft.ApplicationServer.Http.CIT.Scenario.DLL" adapterTypeName="Microsoft.VisualStudio.TestTools.TestTypes.Unit.UnitTestAdapter, Microsoft.VisualStudio.QualityTools.Tips.UnitTest.Adapter, Version=10.0.0.0, Culture=neutral, PublicKeyToken=b03f5f7f11d50a3a" className="Microsoft.ApplicationServer.Http.CIT.Scenario.BadServiceTests, Microsoft.ApplicationServer.Http.CIT.Scenario, Version=0.0.0.0, Culture=neutral, PublicKeyToken=null" name="BadServiceTest6" />
    </UnitTest>
    <UnitTest name="OkAfterRedirectServiceTest4" storage="f:\advisorsrepo\wcfhttp\http\test\microsoft.applicationserver.http\scenario\bin\debug\microsoft.applicationserver.http.cit.scenario.dll" id="806d34dd-1ec1-814e-265b-2fe6da8b31ef">
      <Execution timeOut="30000" id="ca5b62b7-58a6-4aaf-8d45-8ae20353ae9e" />
      <Owners>
        <Owner name="derik" />
      </Owners>
      <TestCategory>
        <TestCategoryItem TestCategory="CIT" />
        <TestCategoryItem TestCategory="ADP_Basics" />
      </TestCategory>
      <TestMethod codeBase="F:/advisorsrepo/wcfhttp/Http/Test/Microsoft.ApplicationServer.Http/Scenario/bin/Debug/Microsoft.ApplicationServer.Http.CIT.Scenario.DLL" adapterTypeName="Microsoft.VisualStudio.TestTools.TestTypes.Unit.UnitTestAdapter, Microsoft.VisualStudio.QualityTools.Tips.UnitTest.Adapter, Version=10.0.0.0, Culture=neutral, PublicKeyToken=b03f5f7f11d50a3a" className="Microsoft.ApplicationServer.Http.CIT.Scenario.OkAfterRedirectServiceTests, Microsoft.ApplicationServer.Http.CIT.Scenario, Version=0.0.0.0, Culture=neutral, PublicKeyToken=null" name="OkAfterRedirectServiceTest4" />
    </UnitTest>
    <UnitTest name="BasicChannelTest3" storage="f:\advisorsrepo\wcfhttp\http\test\microsoft.applicationserver.http\scenario\bin\debug\microsoft.applicationserver.http.cit.scenario.dll" id="5d10f5d5-4ebc-9a58-51dd-f5657b710a11">
      <Execution timeOut="30000" id="62704728-4bde-4142-83bb-7ebc3d55b662" />
      <Owners>
        <Owner name="derik" />
      </Owners>
      <TestCategory>
        <TestCategoryItem TestCategory="CIT" />
      </TestCategory>
      <TestMethod codeBase="F:/advisorsrepo/wcfhttp/Http/Test/Microsoft.ApplicationServer.Http/Scenario/bin/Debug/Microsoft.ApplicationServer.Http.CIT.Scenario.DLL" adapterTypeName="Microsoft.VisualStudio.TestTools.TestTypes.Unit.UnitTestAdapter, Microsoft.VisualStudio.QualityTools.Tips.UnitTest.Adapter, Version=10.0.0.0, Culture=neutral, PublicKeyToken=b03f5f7f11d50a3a" className="Microsoft.ApplicationServer.Http.CIT.Scenario.BasicChannelTests, Microsoft.ApplicationServer.Http.CIT.Scenario, Version=0.0.0.0, Culture=neutral, PublicKeyToken=null" name="BasicChannelTest3" />
    </UnitTest>
    <UnitTest name="AbortChannelTest8" storage="f:\advisorsrepo\wcfhttp\http\test\microsoft.applicationserver.http\scenario\bin\debug\microsoft.applicationserver.http.cit.scenario.dll" id="a847277e-48e3-197b-7651-c31f12c06f3b">
      <Execution timeOut="30000" id="d3c071ef-f0bf-408c-9a22-318cefa60bfc" />
      <Owners>
        <Owner name="derik" />
      </Owners>
      <TestCategory>
        <TestCategoryItem TestCategory="CIT" />
      </TestCategory>
      <TestMethod codeBase="F:/advisorsrepo/wcfhttp/Http/Test/Microsoft.ApplicationServer.Http/Scenario/bin/Debug/Microsoft.ApplicationServer.Http.CIT.Scenario.DLL" adapterTypeName="Microsoft.VisualStudio.TestTools.TestTypes.Unit.UnitTestAdapter, Microsoft.VisualStudio.QualityTools.Tips.UnitTest.Adapter, Version=10.0.0.0, Culture=neutral, PublicKeyToken=b03f5f7f11d50a3a" className="Microsoft.ApplicationServer.Http.CIT.Scenario.AbortChannelTests, Microsoft.ApplicationServer.Http.CIT.Scenario, Version=0.0.0.0, Culture=neutral, PublicKeyToken=null" name="AbortChannelTest8" />
    </UnitTest>
    <UnitTest name="BadServiceTest11" storage="f:\advisorsrepo\wcfhttp\http\test\microsoft.applicationserver.http\scenario\bin\debug\microsoft.applicationserver.http.cit.scenario.dll" id="1ee922a7-65b9-2fdc-adf3-6d227b904657">
      <Execution timeOut="30000" id="4c7b7965-9658-4db2-9b0a-a5065bdeef11" />
      <Owners>
        <Owner name="derik" />
      </Owners>
      <TestCategory>
        <TestCategoryItem TestCategory="CIT" />
      </TestCategory>
      <TestMethod codeBase="F:/advisorsrepo/wcfhttp/Http/Test/Microsoft.ApplicationServer.Http/Scenario/bin/Debug/Microsoft.ApplicationServer.Http.CIT.Scenario.DLL" adapterTypeName="Microsoft.VisualStudio.TestTools.TestTypes.Unit.UnitTestAdapter, Microsoft.VisualStudio.QualityTools.Tips.UnitTest.Adapter, Version=10.0.0.0, Culture=neutral, PublicKeyToken=b03f5f7f11d50a3a" className="Microsoft.ApplicationServer.Http.CIT.Scenario.BadServiceTests, Microsoft.ApplicationServer.Http.CIT.Scenario, Version=0.0.0.0, Culture=neutral, PublicKeyToken=null" name="BadServiceTest11" />
    </UnitTest>
    <UnitTest name="BadServiceTest16" storage="f:\advisorsrepo\wcfhttp\http\test\microsoft.applicationserver.http\scenario\bin\debug\microsoft.applicationserver.http.cit.scenario.dll" id="89d498b9-1f29-0f06-ef8c-50ec106d28db">
      <Execution timeOut="30000" id="056ca9cf-a849-4536-96a8-acd6ff65b580" />
      <Owners>
        <Owner name="derik" />
      </Owners>
      <TestCategory>
        <TestCategoryItem TestCategory="CIT" />
      </TestCategory>
      <TestMethod codeBase="F:/advisorsrepo/wcfhttp/Http/Test/Microsoft.ApplicationServer.Http/Scenario/bin/Debug/Microsoft.ApplicationServer.Http.CIT.Scenario.DLL" adapterTypeName="Microsoft.VisualStudio.TestTools.TestTypes.Unit.UnitTestAdapter, Microsoft.VisualStudio.QualityTools.Tips.UnitTest.Adapter, Version=10.0.0.0, Culture=neutral, PublicKeyToken=b03f5f7f11d50a3a" className="Microsoft.ApplicationServer.Http.CIT.Scenario.BadServiceTests, Microsoft.ApplicationServer.Http.CIT.Scenario, Version=0.0.0.0, Culture=neutral, PublicKeyToken=null" name="BadServiceTest16" />
    </UnitTest>
    <UnitTest name="OkServiceTest6" storage="f:\advisorsrepo\wcfhttp\http\test\microsoft.applicationserver.http\scenario\bin\debug\microsoft.applicationserver.http.cit.scenario.dll" id="4c96e581-3c1e-1bd8-7042-aeef7583999d">
      <Execution timeOut="30000" id="b26c30d4-9821-4c62-b498-b3922cd828f4" />
      <Owners>
        <Owner name="derik" />
      </Owners>
      <TestCategory>
        <TestCategoryItem TestCategory="CIT" />
        <TestCategoryItem TestCategory="ADP_Basics" />
      </TestCategory>
      <TestMethod codeBase="F:/advisorsrepo/wcfhttp/Http/Test/Microsoft.ApplicationServer.Http/Scenario/bin/Debug/Microsoft.ApplicationServer.Http.CIT.Scenario.DLL" adapterTypeName="Microsoft.VisualStudio.TestTools.TestTypes.Unit.UnitTestAdapter, Microsoft.VisualStudio.QualityTools.Tips.UnitTest.Adapter, Version=10.0.0.0, Culture=neutral, PublicKeyToken=b03f5f7f11d50a3a" className="Microsoft.ApplicationServer.Http.CIT.Scenario.OkServiceTests, Microsoft.ApplicationServer.Http.CIT.Scenario, Version=0.0.0.0, Culture=neutral, PublicKeyToken=null" name="OkServiceTest6" />
    </UnitTest>
    <UnitTest name="ShortCircuitHandlerTest6" storage="f:\advisorsrepo\wcfhttp\http\test\microsoft.applicationserver.http\scenario\bin\debug\microsoft.applicationserver.http.cit.scenario.dll" id="74bdc9c3-7462-4355-2680-3dca2efa6bbd">
      <Execution timeOut="30000" id="099fd084-437a-4396-87aa-ec47a877b27c" />
      <Owners>
        <Owner name="derik" />
      </Owners>
      <TestCategory>
        <TestCategoryItem TestCategory="CIT" />
        <TestCategoryItem TestCategory="ADP_Basics" />
      </TestCategory>
      <TestMethod codeBase="F:/advisorsrepo/wcfhttp/Http/Test/Microsoft.ApplicationServer.Http/Scenario/bin/Debug/Microsoft.ApplicationServer.Http.CIT.Scenario.DLL" adapterTypeName="Microsoft.VisualStudio.TestTools.TestTypes.Unit.UnitTestAdapter, Microsoft.VisualStudio.QualityTools.Tips.UnitTest.Adapter, Version=10.0.0.0, Culture=neutral, PublicKeyToken=b03f5f7f11d50a3a" className="Microsoft.ApplicationServer.Http.CIT.Scenario.ShortCircuitHandlerTests, Microsoft.ApplicationServer.Http.CIT.Scenario, Version=0.0.0.0, Culture=neutral, PublicKeyToken=null" name="ShortCircuitHandlerTest6" />
    </UnitTest>
    <UnitTest name="ShortCircuitHandlerTest7" storage="f:\advisorsrepo\wcfhttp\http\test\microsoft.applicationserver.http\scenario\bin\debug\microsoft.applicationserver.http.cit.scenario.dll" id="9f473589-538d-9b07-3323-5155ba9a9575">
      <Execution timeOut="30000" id="717ecae1-6cd2-4a17-ba58-3542cbb69468" />
      <Owners>
        <Owner name="derik" />
      </Owners>
      <TestCategory>
        <TestCategoryItem TestCategory="CIT" />
      </TestCategory>
      <TestMethod codeBase="F:/advisorsrepo/wcfhttp/Http/Test/Microsoft.ApplicationServer.Http/Scenario/bin/Debug/Microsoft.ApplicationServer.Http.CIT.Scenario.DLL" adapterTypeName="Microsoft.VisualStudio.TestTools.TestTypes.Unit.UnitTestAdapter, Microsoft.VisualStudio.QualityTools.Tips.UnitTest.Adapter, Version=10.0.0.0, Culture=neutral, PublicKeyToken=b03f5f7f11d50a3a" className="Microsoft.ApplicationServer.Http.CIT.Scenario.ShortCircuitHandlerTests, Microsoft.ApplicationServer.Http.CIT.Scenario, Version=0.0.0.0, Culture=neutral, PublicKeyToken=null" name="ShortCircuitHandlerTest7" />
    </UnitTest>
    <UnitTest name="BadFactoryCreateServiceTest1" storage="f:\advisorsrepo\wcfhttp\http\test\microsoft.applicationserver.http\scenario\bin\debug\microsoft.applicationserver.http.cit.scenario.dll" id="db5c637f-a9f2-b9f1-652e-0af803c85eac">
      <Execution timeOut="30000" id="d90474af-0768-434b-ac21-f2d3cfa1c07e" />
      <Owners>
        <Owner name="derik" />
      </Owners>
      <TestCategory>
        <TestCategoryItem TestCategory="CIT" />
      </TestCategory>
      <TestMethod codeBase="F:/advisorsrepo/wcfhttp/Http/Test/Microsoft.ApplicationServer.Http/Scenario/bin/Debug/Microsoft.ApplicationServer.Http.CIT.Scenario.DLL" adapterTypeName="Microsoft.VisualStudio.TestTools.TestTypes.Unit.UnitTestAdapter, Microsoft.VisualStudio.QualityTools.Tips.UnitTest.Adapter, Version=10.0.0.0, Culture=neutral, PublicKeyToken=b03f5f7f11d50a3a" className="Microsoft.ApplicationServer.Http.CIT.Scenario.BadFactoryCreateServiceTests, Microsoft.ApplicationServer.Http.CIT.Scenario, Version=0.0.0.0, Culture=neutral, PublicKeyToken=null" name="BadFactoryCreateServiceTest1" />
    </UnitTest>
    <UnitTest name="CloseChannelTestA5" storage="f:\advisorsrepo\wcfhttp\http\test\microsoft.applicationserver.http\scenario\bin\debug\microsoft.applicationserver.http.cit.scenario.dll" id="968fa18a-1396-3b38-113b-54a9cdfa6d21">
      <Execution timeOut="30000" id="f889f4aa-d23c-4343-8f2f-868e803d555b" />
      <Owners>
        <Owner name="derik" />
      </Owners>
      <TestCategory>
        <TestCategoryItem TestCategory="CIT" />
      </TestCategory>
      <TestMethod codeBase="F:/advisorsrepo/wcfhttp/Http/Test/Microsoft.ApplicationServer.Http/Scenario/bin/Debug/Microsoft.ApplicationServer.Http.CIT.Scenario.DLL" adapterTypeName="Microsoft.VisualStudio.TestTools.TestTypes.Unit.UnitTestAdapter, Microsoft.VisualStudio.QualityTools.Tips.UnitTest.Adapter, Version=10.0.0.0, Culture=neutral, PublicKeyToken=b03f5f7f11d50a3a" className="Microsoft.ApplicationServer.Http.CIT.Scenario.CloseChannelTests, Microsoft.ApplicationServer.Http.CIT.Scenario, Version=0.0.0.0, Culture=neutral, PublicKeyToken=null" name="CloseChannelTestA5" />
    </UnitTest>
    <UnitTest name="NoFactoryTest4" storage="f:\advisorsrepo\wcfhttp\http\test\microsoft.applicationserver.http\scenario\bin\debug\microsoft.applicationserver.http.cit.scenario.dll" id="33ec0c4b-8eee-1bee-815b-2bcd49da3b77">
      <Execution timeOut="30000" id="6dc1d1f4-8594-4feb-9af2-8e40f86cbfce" />
      <Owners>
        <Owner name="derik" />
      </Owners>
      <TestCategory>
        <TestCategoryItem TestCategory="CIT" />
      </TestCategory>
      <TestMethod codeBase="F:/advisorsrepo/wcfhttp/Http/Test/Microsoft.ApplicationServer.Http/Scenario/bin/Debug/Microsoft.ApplicationServer.Http.CIT.Scenario.DLL" adapterTypeName="Microsoft.VisualStudio.TestTools.TestTypes.Unit.UnitTestAdapter, Microsoft.VisualStudio.QualityTools.Tips.UnitTest.Adapter, Version=10.0.0.0, Culture=neutral, PublicKeyToken=b03f5f7f11d50a3a" className="Microsoft.ApplicationServer.Http.CIT.Scenario.NoFactoryTests, Microsoft.ApplicationServer.Http.CIT.Scenario, Version=0.0.0.0, Culture=neutral, PublicKeyToken=null" name="NoFactoryTest4" />
    </UnitTest>
    <UnitTest name="HeaderHandlerTest1" storage="f:\advisorsrepo\wcfhttp\http\test\microsoft.applicationserver.http\scenario\bin\debug\microsoft.applicationserver.http.cit.scenario.dll" id="a90a1c66-082c-6abf-3889-c5b405b617e6">
      <Execution timeOut="30000" id="322ac6d1-c270-48d3-9d1b-1c73cdd274dd" />
      <Owners>
        <Owner name="derik" />
      </Owners>
      <TestCategory>
        <TestCategoryItem TestCategory="CIT" />
      </TestCategory>
      <TestMethod codeBase="F:/advisorsrepo/wcfhttp/Http/Test/Microsoft.ApplicationServer.Http/Scenario/bin/Debug/Microsoft.ApplicationServer.Http.CIT.Scenario.DLL" adapterTypeName="Microsoft.VisualStudio.TestTools.TestTypes.Unit.UnitTestAdapter, Microsoft.VisualStudio.QualityTools.Tips.UnitTest.Adapter, Version=10.0.0.0, Culture=neutral, PublicKeyToken=b03f5f7f11d50a3a" className="Microsoft.ApplicationServer.Http.CIT.Scenario.HeaderHandlerTests, Microsoft.ApplicationServer.Http.CIT.Scenario, Version=0.0.0.0, Culture=neutral, PublicKeyToken=null" name="HeaderHandlerTest1" />
    </UnitTest>
    <UnitTest name="RequestFailureHandlerTest1" storage="f:\advisorsrepo\wcfhttp\http\test\microsoft.applicationserver.http\scenario\bin\debug\microsoft.applicationserver.http.cit.scenario.dll" id="4794a9fa-cca8-ca13-105e-24cf8fe32ab5">
      <Execution timeOut="30000" id="72e2d3ca-d9c1-4f70-8eeb-c5682d05a37a" />
      <Owners>
        <Owner name="derik" />
      </Owners>
      <TestCategory>
        <TestCategoryItem TestCategory="CIT" />
      </TestCategory>
      <TestMethod codeBase="F:/advisorsrepo/wcfhttp/Http/Test/Microsoft.ApplicationServer.Http/Scenario/bin/Debug/Microsoft.ApplicationServer.Http.CIT.Scenario.DLL" adapterTypeName="Microsoft.VisualStudio.TestTools.TestTypes.Unit.UnitTestAdapter, Microsoft.VisualStudio.QualityTools.Tips.UnitTest.Adapter, Version=10.0.0.0, Culture=neutral, PublicKeyToken=b03f5f7f11d50a3a" className="Microsoft.ApplicationServer.Http.CIT.Scenario.RequestFailureHandlerTests, Microsoft.ApplicationServer.Http.CIT.Scenario, Version=0.0.0.0, Culture=neutral, PublicKeyToken=null" name="RequestFailureHandlerTest1" />
    </UnitTest>
    <UnitTest name="GetReadAsJson" storage="f:\advisorsrepo\wcfhttp\http\test\microsoft.applicationserver.http\scenario\bin\debug\microsoft.applicationserver.http.cit.scenario.dll" id="7887e148-56a7-378a-2a5f-d1af2424a133">
      <Description>All value and reference types (including derived types) can be read using ReadAs() from Http GET using DataContractJsonSerializer.</Description>
      <Execution timeOut="240000" id="0a5fa946-ad60-4312-b22d-a787f92a166e" />
      <Owners>
        <Owner name="dravva" />
      </Owners>
      <TestCategory>
        <TestCategoryItem TestCategory="CIT" />
      </TestCategory>
      <TestMethod codeBase="F:/advisorsrepo/wcfhttp/Http/Test/Microsoft.ApplicationServer.Http/Scenario/bin/Debug/Microsoft.ApplicationServer.Http.CIT.Scenario.DLL" adapterTypeName="Microsoft.VisualStudio.TestTools.TestTypes.Unit.UnitTestAdapter, Microsoft.VisualStudio.QualityTools.Tips.UnitTest.Adapter, Version=10.0.0.0, Culture=neutral, PublicKeyToken=b03f5f7f11d50a3a" className="Microsoft.ApplicationServer.Http.CIT.Scenario.ObjectContentScenarioTests, Microsoft.ApplicationServer.Http.CIT.Scenario, Version=0.0.0.0, Culture=neutral, PublicKeyToken=null" name="GetReadAsJson" />
    </UnitTest>
    <UnitTest name="NoHandlerTest2" storage="f:\advisorsrepo\wcfhttp\http\test\microsoft.applicationserver.http\scenario\bin\debug\microsoft.applicationserver.http.cit.scenario.dll" id="afe3f13e-043f-169d-1e0c-84d88c118d08">
      <Execution timeOut="30000" id="2610e318-086d-40fa-b942-811fc4b3fe07" />
      <Owners>
        <Owner name="derik" />
      </Owners>
      <TestCategory>
        <TestCategoryItem TestCategory="ADP_Basics" />
        <TestCategoryItem TestCategory="CIT" />
      </TestCategory>
      <TestMethod codeBase="F:/advisorsrepo/wcfhttp/Http/Test/Microsoft.ApplicationServer.Http/Scenario/bin/Debug/Microsoft.ApplicationServer.Http.CIT.Scenario.DLL" adapterTypeName="Microsoft.VisualStudio.TestTools.TestTypes.Unit.UnitTestAdapter, Microsoft.VisualStudio.QualityTools.Tips.UnitTest.Adapter, Version=10.0.0.0, Culture=neutral, PublicKeyToken=b03f5f7f11d50a3a" className="Microsoft.ApplicationServer.Http.CIT.Scenario.NoHandlerTests, Microsoft.ApplicationServer.Http.CIT.Scenario, Version=0.0.0.0, Culture=neutral, PublicKeyToken=null" name="NoHandlerTest2" />
    </UnitTest>
    <UnitTest name="CloseChannelTestB7" storage="f:\advisorsrepo\wcfhttp\http\test\microsoft.applicationserver.http\scenario\bin\debug\microsoft.applicationserver.http.cit.scenario.dll" id="2361eac4-2161-83e0-d057-d9e8a2cd7b49">
      <Execution timeOut="30000" id="1a67882b-f1b7-432c-b0b0-ab759e419aa0" />
      <Owners>
        <Owner name="derik" />
      </Owners>
      <TestCategory>
        <TestCategoryItem TestCategory="CIT" />
      </TestCategory>
      <TestMethod codeBase="F:/advisorsrepo/wcfhttp/Http/Test/Microsoft.ApplicationServer.Http/Scenario/bin/Debug/Microsoft.ApplicationServer.Http.CIT.Scenario.DLL" adapterTypeName="Microsoft.VisualStudio.TestTools.TestTypes.Unit.UnitTestAdapter, Microsoft.VisualStudio.QualityTools.Tips.UnitTest.Adapter, Version=10.0.0.0, Culture=neutral, PublicKeyToken=b03f5f7f11d50a3a" className="Microsoft.ApplicationServer.Http.CIT.Scenario.CloseChannelTests, Microsoft.ApplicationServer.Http.CIT.Scenario, Version=0.0.0.0, Culture=neutral, PublicKeyToken=null" name="CloseChannelTestB7" />
    </UnitTest>
    <UnitTest name="DisposeHandlerTest2" storage="f:\advisorsrepo\wcfhttp\http\test\microsoft.applicationserver.http\scenario\bin\debug\microsoft.applicationserver.http.cit.scenario.dll" id="81392819-ab4a-6d43-f4f9-66d77a325c4c">
      <Execution timeOut="30000" id="6cda593c-da4f-4ed8-8339-ec5de6ca6456" />
      <Owners>
        <Owner name="derik" />
      </Owners>
      <TestCategory>
        <TestCategoryItem TestCategory="CIT" />
      </TestCategory>
      <TestMethod codeBase="F:/advisorsrepo/wcfhttp/Http/Test/Microsoft.ApplicationServer.Http/Scenario/bin/Debug/Microsoft.ApplicationServer.Http.CIT.Scenario.DLL" adapterTypeName="Microsoft.VisualStudio.TestTools.TestTypes.Unit.UnitTestAdapter, Microsoft.VisualStudio.QualityTools.Tips.UnitTest.Adapter, Version=10.0.0.0, Culture=neutral, PublicKeyToken=b03f5f7f11d50a3a" className="Microsoft.ApplicationServer.Http.CIT.Scenario.DisposeHandlerTests, Microsoft.ApplicationServer.Http.CIT.Scenario, Version=0.0.0.0, Culture=neutral, PublicKeyToken=null" name="DisposeHandlerTest2" />
    </UnitTest>
    <UnitTest name="AbortChannelTest1" storage="f:\advisorsrepo\wcfhttp\http\test\microsoft.applicationserver.http\scenario\bin\debug\microsoft.applicationserver.http.cit.scenario.dll" id="8289cb24-cbe0-0b26-8150-6092cb69a7e8">
      <Execution timeOut="30000" id="b5fb7dc2-88e2-46b1-b69e-0cea73e8de76" />
      <Owners>
        <Owner name="derik" />
      </Owners>
      <TestCategory>
        <TestCategoryItem TestCategory="CIT" />
      </TestCategory>
      <TestMethod codeBase="F:/advisorsrepo/wcfhttp/Http/Test/Microsoft.ApplicationServer.Http/Scenario/bin/Debug/Microsoft.ApplicationServer.Http.CIT.Scenario.DLL" adapterTypeName="Microsoft.VisualStudio.TestTools.TestTypes.Unit.UnitTestAdapter, Microsoft.VisualStudio.QualityTools.Tips.UnitTest.Adapter, Version=10.0.0.0, Culture=neutral, PublicKeyToken=b03f5f7f11d50a3a" className="Microsoft.ApplicationServer.Http.CIT.Scenario.AbortChannelTests, Microsoft.ApplicationServer.Http.CIT.Scenario, Version=0.0.0.0, Culture=neutral, PublicKeyToken=null" name="AbortChannelTest1" />
    </UnitTest>
    <UnitTest name="RequestFailureHandlerTest8" storage="f:\advisorsrepo\wcfhttp\http\test\microsoft.applicationserver.http\scenario\bin\debug\microsoft.applicationserver.http.cit.scenario.dll" id="e72b702d-3c3b-c917-d7af-3386f34457e6">
      <Execution timeOut="30000" id="5ecc74f9-8e50-4e60-96ef-0ac698923782" />
      <Owners>
        <Owner name="derik" />
      </Owners>
      <TestCategory>
        <TestCategoryItem TestCategory="CIT" />
      </TestCategory>
      <TestMethod codeBase="F:/advisorsrepo/wcfhttp/Http/Test/Microsoft.ApplicationServer.Http/Scenario/bin/Debug/Microsoft.ApplicationServer.Http.CIT.Scenario.DLL" adapterTypeName="Microsoft.VisualStudio.TestTools.TestTypes.Unit.UnitTestAdapter, Microsoft.VisualStudio.QualityTools.Tips.UnitTest.Adapter, Version=10.0.0.0, Culture=neutral, PublicKeyToken=b03f5f7f11d50a3a" className="Microsoft.ApplicationServer.Http.CIT.Scenario.RequestFailureHandlerTests, Microsoft.ApplicationServer.Http.CIT.Scenario, Version=0.0.0.0, Culture=neutral, PublicKeyToken=null" name="RequestFailureHandlerTest8" />
    </UnitTest>
    <UnitTest name="MethodNotAllowedServiceTest3" storage="f:\advisorsrepo\wcfhttp\http\test\microsoft.applicationserver.http\scenario\bin\debug\microsoft.applicationserver.http.cit.scenario.dll" id="d78a1e97-280f-e1a1-1f17-9710c8acd985">
      <Execution timeOut="30000" id="44b6e315-9d51-4e1d-afcf-bc6f85eb10ef" />
      <Owners>
        <Owner name="derik" />
      </Owners>
      <TestCategory>
        <TestCategoryItem TestCategory="ADP_Basics" />
        <TestCategoryItem TestCategory="CIT" />
      </TestCategory>
      <TestMethod codeBase="F:/advisorsrepo/wcfhttp/Http/Test/Microsoft.ApplicationServer.Http/Scenario/bin/Debug/Microsoft.ApplicationServer.Http.CIT.Scenario.DLL" adapterTypeName="Microsoft.VisualStudio.TestTools.TestTypes.Unit.UnitTestAdapter, Microsoft.VisualStudio.QualityTools.Tips.UnitTest.Adapter, Version=10.0.0.0, Culture=neutral, PublicKeyToken=b03f5f7f11d50a3a" className="Microsoft.ApplicationServer.Http.CIT.Scenario.MethodNotAllowedServiceTests, Microsoft.ApplicationServer.Http.CIT.Scenario, Version=0.0.0.0, Culture=neutral, PublicKeyToken=null" name="MethodNotAllowedServiceTest3" />
    </UnitTest>
    <UnitTest name="CloseChannelTestA7" storage="f:\advisorsrepo\wcfhttp\http\test\microsoft.applicationserver.http\scenario\bin\debug\microsoft.applicationserver.http.cit.scenario.dll" id="b33ec5ba-100f-41ef-fa59-01ad28252c50">
      <Execution timeOut="30000" id="21b7d661-1867-492a-ad1b-fdac31ce001c" />
      <Owners>
        <Owner name="derik" />
      </Owners>
      <TestCategory>
        <TestCategoryItem TestCategory="CIT" />
      </TestCategory>
      <TestMethod codeBase="F:/advisorsrepo/wcfhttp/Http/Test/Microsoft.ApplicationServer.Http/Scenario/bin/Debug/Microsoft.ApplicationServer.Http.CIT.Scenario.DLL" adapterTypeName="Microsoft.VisualStudio.TestTools.TestTypes.Unit.UnitTestAdapter, Microsoft.VisualStudio.QualityTools.Tips.UnitTest.Adapter, Version=10.0.0.0, Culture=neutral, PublicKeyToken=b03f5f7f11d50a3a" className="Microsoft.ApplicationServer.Http.CIT.Scenario.CloseChannelTests, Microsoft.ApplicationServer.Http.CIT.Scenario, Version=0.0.0.0, Culture=neutral, PublicKeyToken=null" name="CloseChannelTestA7" />
    </UnitTest>
    <UnitTest name="OneWayServiceTest6" storage="f:\advisorsrepo\wcfhttp\http\test\microsoft.applicationserver.http\scenario\bin\debug\microsoft.applicationserver.http.cit.scenario.dll" id="e0847afd-150a-4f95-5bb7-4f881764ef2f">
      <Execution timeOut="30000" id="1c0ee88e-5d6f-4412-a0f4-0aee25569f93" />
      <Owners>
        <Owner name="derik" />
      </Owners>
      <TestCategory>
        <TestCategoryItem TestCategory="CIT" />
        <TestCategoryItem TestCategory="ADP_Basics" />
      </TestCategory>
      <TestMethod codeBase="F:/advisorsrepo/wcfhttp/Http/Test/Microsoft.ApplicationServer.Http/Scenario/bin/Debug/Microsoft.ApplicationServer.Http.CIT.Scenario.DLL" adapterTypeName="Microsoft.VisualStudio.TestTools.TestTypes.Unit.UnitTestAdapter, Microsoft.VisualStudio.QualityTools.Tips.UnitTest.Adapter, Version=10.0.0.0, Culture=neutral, PublicKeyToken=b03f5f7f11d50a3a" className="Microsoft.ApplicationServer.Http.CIT.Scenario.OneWayServiceTests, Microsoft.ApplicationServer.Http.CIT.Scenario, Version=0.0.0.0, Culture=neutral, PublicKeyToken=null" name="OneWayServiceTest6" />
    </UnitTest>
    <UnitTest name="GetReadAsXmlDataContract" storage="f:\advisorsrepo\wcfhttp\http\test\microsoft.applicationserver.http\scenario\bin\debug\microsoft.applicationserver.http.cit.scenario.dll" id="0a175cb9-c8f7-f626-0973-243760abdc15">
      <Description>All value and reference types (including derived types) can be read using ReadAs() from Http GET using DataContractSerializer for XML.</Description>
      <Execution timeOut="240000" id="5af5fc50-9557-485d-9f4a-088b9a839588" />
      <Owners>
        <Owner name="dravva" />
      </Owners>
      <TestCategory>
        <TestCategoryItem TestCategory="CIT" />
      </TestCategory>
      <TestMethod codeBase="F:/advisorsrepo/wcfhttp/Http/Test/Microsoft.ApplicationServer.Http/Scenario/bin/Debug/Microsoft.ApplicationServer.Http.CIT.Scenario.DLL" adapterTypeName="Microsoft.VisualStudio.TestTools.TestTypes.Unit.UnitTestAdapter, Microsoft.VisualStudio.QualityTools.Tips.UnitTest.Adapter, Version=10.0.0.0, Culture=neutral, PublicKeyToken=b03f5f7f11d50a3a" className="Microsoft.ApplicationServer.Http.CIT.Scenario.ObjectContentScenarioTests, Microsoft.ApplicationServer.Http.CIT.Scenario, Version=0.0.0.0, Culture=neutral, PublicKeyToken=null" name="GetReadAsXmlDataContract" />
    </UnitTest>
    <UnitTest name="MethodNotAllowedServiceTest4" storage="f:\advisorsrepo\wcfhttp\http\test\microsoft.applicationserver.http\scenario\bin\debug\microsoft.applicationserver.http.cit.scenario.dll" id="f093cd32-3512-4011-722f-3e9d9af2aae8">
      <Execution timeOut="30000" id="5ff75d3f-114e-4931-ac3c-f62c306324a6" />
      <Owners>
        <Owner name="derik" />
      </Owners>
      <TestCategory>
        <TestCategoryItem TestCategory="CIT" />
        <TestCategoryItem TestCategory="ADP_Basics" />
      </TestCategory>
      <TestMethod codeBase="F:/advisorsrepo/wcfhttp/Http/Test/Microsoft.ApplicationServer.Http/Scenario/bin/Debug/Microsoft.ApplicationServer.Http.CIT.Scenario.DLL" adapterTypeName="Microsoft.VisualStudio.TestTools.TestTypes.Unit.UnitTestAdapter, Microsoft.VisualStudio.QualityTools.Tips.UnitTest.Adapter, Version=10.0.0.0, Culture=neutral, PublicKeyToken=b03f5f7f11d50a3a" className="Microsoft.ApplicationServer.Http.CIT.Scenario.MethodNotAllowedServiceTests, Microsoft.ApplicationServer.Http.CIT.Scenario, Version=0.0.0.0, Culture=neutral, PublicKeyToken=null" name="MethodNotAllowedServiceTest4" />
    </UnitTest>
    <UnitTest name="BasicChannelTest2" storage="f:\advisorsrepo\wcfhttp\http\test\microsoft.applicationserver.http\scenario\bin\debug\microsoft.applicationserver.http.cit.scenario.dll" id="9e0d1c1a-2ef6-3c5e-7046-933f5e56231e">
      <Execution timeOut="30000" id="b01c17ce-5316-491c-97a1-e4ad68aee11e" />
      <Owners>
        <Owner name="derik" />
      </Owners>
      <TestCategory>
        <TestCategoryItem TestCategory="ADP_Basics" />
        <TestCategoryItem TestCategory="CIT" />
      </TestCategory>
      <TestMethod codeBase="F:/advisorsrepo/wcfhttp/Http/Test/Microsoft.ApplicationServer.Http/Scenario/bin/Debug/Microsoft.ApplicationServer.Http.CIT.Scenario.DLL" adapterTypeName="Microsoft.VisualStudio.TestTools.TestTypes.Unit.UnitTestAdapter, Microsoft.VisualStudio.QualityTools.Tips.UnitTest.Adapter, Version=10.0.0.0, Culture=neutral, PublicKeyToken=b03f5f7f11d50a3a" className="Microsoft.ApplicationServer.Http.CIT.Scenario.BasicChannelTests, Microsoft.ApplicationServer.Http.CIT.Scenario, Version=0.0.0.0, Culture=neutral, PublicKeyToken=null" name="BasicChannelTest2" />
    </UnitTest>
    <UnitTest name="CloseRequestContextTestB1" storage="f:\advisorsrepo\wcfhttp\http\test\microsoft.applicationserver.http\scenario\bin\debug\microsoft.applicationserver.http.cit.scenario.dll" id="e66ac091-c9fb-b667-81c5-57b92869fcf7">
      <Execution timeOut="30000" id="35564cbe-a895-497b-9f4d-0c6c5ae8f1af" />
      <Owners>
        <Owner name="derik" />
      </Owners>
      <TestCategory>
        <TestCategoryItem TestCategory="CIT" />
      </TestCategory>
      <TestMethod codeBase="F:/advisorsrepo/wcfhttp/Http/Test/Microsoft.ApplicationServer.Http/Scenario/bin/Debug/Microsoft.ApplicationServer.Http.CIT.Scenario.DLL" adapterTypeName="Microsoft.VisualStudio.TestTools.TestTypes.Unit.UnitTestAdapter, Microsoft.VisualStudio.QualityTools.Tips.UnitTest.Adapter, Version=10.0.0.0, Culture=neutral, PublicKeyToken=b03f5f7f11d50a3a" className="Microsoft.ApplicationServer.Http.CIT.Scenario.CloseRequestContextTests, Microsoft.ApplicationServer.Http.CIT.Scenario, Version=0.0.0.0, Culture=neutral, PublicKeyToken=null" name="CloseRequestContextTestB1" />
    </UnitTest>
    <UnitTest name="BadServiceTest9" storage="f:\advisorsrepo\wcfhttp\http\test\microsoft.applicationserver.http\scenario\bin\debug\microsoft.applicationserver.http.cit.scenario.dll" id="80e20a42-50ed-becb-f978-694cbe01575d">
      <Execution timeOut="30000" id="234443c1-60e4-4c03-92e2-a88f86f3df21" />
      <Owners>
        <Owner name="derik" />
      </Owners>
      <TestCategory>
        <TestCategoryItem TestCategory="CIT" />
      </TestCategory>
      <TestMethod codeBase="F:/advisorsrepo/wcfhttp/Http/Test/Microsoft.ApplicationServer.Http/Scenario/bin/Debug/Microsoft.ApplicationServer.Http.CIT.Scenario.DLL" adapterTypeName="Microsoft.VisualStudio.TestTools.TestTypes.Unit.UnitTestAdapter, Microsoft.VisualStudio.QualityTools.Tips.UnitTest.Adapter, Version=10.0.0.0, Culture=neutral, PublicKeyToken=b03f5f7f11d50a3a" className="Microsoft.ApplicationServer.Http.CIT.Scenario.BadServiceTests, Microsoft.ApplicationServer.Http.CIT.Scenario, Version=0.0.0.0, Culture=neutral, PublicKeyToken=null" name="BadServiceTest9" />
    </UnitTest>
    <UnitTest name="OneWayServiceTest1" storage="f:\advisorsrepo\wcfhttp\http\test\microsoft.applicationserver.http\scenario\bin\debug\microsoft.applicationserver.http.cit.scenario.dll" id="ac5f41d7-b823-b752-a3d0-1c8e798c701d">
      <Execution timeOut="30000" id="820665b9-3fb3-408f-9017-287679401598" />
      <Owners>
        <Owner name="derik" />
      </Owners>
      <TestCategory>
        <TestCategoryItem TestCategory="CIT" />
      </TestCategory>
      <TestMethod codeBase="F:/advisorsrepo/wcfhttp/Http/Test/Microsoft.ApplicationServer.Http/Scenario/bin/Debug/Microsoft.ApplicationServer.Http.CIT.Scenario.DLL" adapterTypeName="Microsoft.VisualStudio.TestTools.TestTypes.Unit.UnitTestAdapter, Microsoft.VisualStudio.QualityTools.Tips.UnitTest.Adapter, Version=10.0.0.0, Culture=neutral, PublicKeyToken=b03f5f7f11d50a3a" className="Microsoft.ApplicationServer.Http.CIT.Scenario.OneWayServiceTests, Microsoft.ApplicationServer.Http.CIT.Scenario, Version=0.0.0.0, Culture=neutral, PublicKeyToken=null" name="OneWayServiceTest1" />
    </UnitTest>
    <UnitTest name="GetReadAsXmlNoDerivedTypes" storage="f:\advisorsrepo\wcfhttp\http\test\microsoft.applicationserver.http\scenario\bin\debug\microsoft.applicationserver.http.cit.scenario.dll" id="4e8f4c7c-8eca-b3e6-b8f0-f7fb21a45d25">
      <Description>All value and reference types (without derived types) can be read ReadAs() from Http GET using XmlSerializer.</Description>
      <Execution timeOut="240000" id="012a9a11-6f50-45a6-8bdb-31cfaddcff4f" />
      <Owners>
        <Owner name="dravva" />
      </Owners>
      <TestCategory>
        <TestCategoryItem TestCategory="CIT" />
      </TestCategory>
      <TestMethod codeBase="F:/advisorsrepo/wcfhttp/Http/Test/Microsoft.ApplicationServer.Http/Scenario/bin/Debug/Microsoft.ApplicationServer.Http.CIT.Scenario.DLL" adapterTypeName="Microsoft.VisualStudio.TestTools.TestTypes.Unit.UnitTestAdapter, Microsoft.VisualStudio.QualityTools.Tips.UnitTest.Adapter, Version=10.0.0.0, Culture=neutral, PublicKeyToken=b03f5f7f11d50a3a" className="Microsoft.ApplicationServer.Http.CIT.Scenario.ObjectContentScenarioTests, Microsoft.ApplicationServer.Http.CIT.Scenario, Version=0.0.0.0, Culture=neutral, PublicKeyToken=null" name="GetReadAsXmlNoDerivedTypes" />
    </UnitTest>
    <UnitTest name="GetPocoXmlDataContract" storage="f:\advisorsrepo\wcfhttp\http\test\microsoft.applicationserver.http\scenario\bin\debug\microsoft.applicationserver.http.cit.scenario.dll" id="dabc70db-3c40-dd75-ca9f-176d6a1ca190">
      <Description>Demonstrates how to treat the response from an Http GET as a strongly typed object using the DataContract Xml serializer.</Description>
      <Execution timeOut="240000" id="0ddfd708-17bf-40c9-9e43-139a4b299acd" />
      <Owners>
        <Owner name="dravva" />
      </Owners>
      <TestCategory>
        <TestCategoryItem TestCategory="CIT" />
      </TestCategory>
      <TestMethod codeBase="F:/advisorsrepo/wcfhttp/Http/Test/Microsoft.ApplicationServer.Http/Scenario/bin/Debug/Microsoft.ApplicationServer.Http.CIT.Scenario.DLL" adapterTypeName="Microsoft.VisualStudio.TestTools.TestTypes.Unit.UnitTestAdapter, Microsoft.VisualStudio.QualityTools.Tips.UnitTest.Adapter, Version=10.0.0.0, Culture=neutral, PublicKeyToken=b03f5f7f11d50a3a" className="Microsoft.ApplicationServer.Http.CIT.Scenario.ObjectContentScenarioTests, Microsoft.ApplicationServer.Http.CIT.Scenario, Version=0.0.0.0, Culture=neutral, PublicKeyToken=null" name="GetPocoXmlDataContract" />
    </UnitTest>
    <UnitTest name="PostPocoXmlDataContract" storage="f:\advisorsrepo\wcfhttp\http\test\microsoft.applicationserver.http\scenario\bin\debug\microsoft.applicationserver.http.cit.scenario.dll" id="3f8063f6-35e9-784a-8174-2328fa1b9f0a">
      <Description>Demonstrates how to POST and then read a strongly typed object using the DataContract Xml serializer.</Description>
      <Execution timeOut="240000" id="db872204-cfc6-4e11-9e97-afd10a737080" />
      <Owners>
        <Owner name="dravva" />
      </Owners>
      <TestCategory>
        <TestCategoryItem TestCategory="CIT" />
      </TestCategory>
      <TestMethod codeBase="F:/advisorsrepo/wcfhttp/Http/Test/Microsoft.ApplicationServer.Http/Scenario/bin/Debug/Microsoft.ApplicationServer.Http.CIT.Scenario.DLL" adapterTypeName="Microsoft.VisualStudio.TestTools.TestTypes.Unit.UnitTestAdapter, Microsoft.VisualStudio.QualityTools.Tips.UnitTest.Adapter, Version=10.0.0.0, Culture=neutral, PublicKeyToken=b03f5f7f11d50a3a" className="Microsoft.ApplicationServer.Http.CIT.Scenario.ObjectContentScenarioTests, Microsoft.ApplicationServer.Http.CIT.Scenario, Version=0.0.0.0, Culture=neutral, PublicKeyToken=null" name="PostPocoXmlDataContract" />
    </UnitTest>
    <UnitTest name="PersistenceTest4" storage="f:\advisorsrepo\wcfhttp\http\test\microsoft.applicationserver.http\scenario\bin\debug\microsoft.applicationserver.http.cit.scenario.dll" id="58c7152c-4273-2e63-4434-403472e01ce7">
      <Execution timeOut="30000" id="ef639807-40c0-4ade-b823-a0e05ac5b7ff" />
      <Owners>
        <Owner name="derik" />
      </Owners>
      <TestCategory>
        <TestCategoryItem TestCategory="CIT" />
      </TestCategory>
      <TestMethod codeBase="F:/advisorsrepo/wcfhttp/Http/Test/Microsoft.ApplicationServer.Http/Scenario/bin/Debug/Microsoft.ApplicationServer.Http.CIT.Scenario.DLL" adapterTypeName="Microsoft.VisualStudio.TestTools.TestTypes.Unit.UnitTestAdapter, Microsoft.VisualStudio.QualityTools.Tips.UnitTest.Adapter, Version=10.0.0.0, Culture=neutral, PublicKeyToken=b03f5f7f11d50a3a" className="Microsoft.ApplicationServer.Http.CIT.Scenario.PersistenceTests, Microsoft.ApplicationServer.Http.CIT.Scenario, Version=0.0.0.0, Culture=neutral, PublicKeyToken=null" name="PersistenceTest4" />
    </UnitTest>
    <UnitTest name="RedirectServiceTest3" storage="f:\advisorsrepo\wcfhttp\http\test\microsoft.applicationserver.http\scenario\bin\debug\microsoft.applicationserver.http.cit.scenario.dll" id="34235b64-6272-024c-bcd7-5b2be741b133">
      <Execution timeOut="30000" id="de799133-c1e7-4672-bc36-dc1396ad59cb" />
      <Owners>
        <Owner name="derik" />
      </Owners>
      <TestCategory>
        <TestCategoryItem TestCategory="CIT" />
        <TestCategoryItem TestCategory="ADP_Basics" />
      </TestCategory>
      <TestMethod codeBase="F:/advisorsrepo/wcfhttp/Http/Test/Microsoft.ApplicationServer.Http/Scenario/bin/Debug/Microsoft.ApplicationServer.Http.CIT.Scenario.DLL" adapterTypeName="Microsoft.VisualStudio.TestTools.TestTypes.Unit.UnitTestAdapter, Microsoft.VisualStudio.QualityTools.Tips.UnitTest.Adapter, Version=10.0.0.0, Culture=neutral, PublicKeyToken=b03f5f7f11d50a3a" className="Microsoft.ApplicationServer.Http.CIT.Scenario.RedirectServiceTests, Microsoft.ApplicationServer.Http.CIT.Scenario, Version=0.0.0.0, Culture=neutral, PublicKeyToken=null" name="RedirectServiceTest3" />
    </UnitTest>
    <UnitTest name="MissingPropertyServiceTest4" storage="f:\advisorsrepo\wcfhttp\http\test\microsoft.applicationserver.http\scenario\bin\debug\microsoft.applicationserver.http.cit.scenario.dll" id="ef8bb85f-2e58-1d4a-2716-1b27149e651e">
      <Execution timeOut="30000" id="c98f1025-d7c8-4fa0-b519-037731a86ba4" />
      <Owners>
        <Owner name="derik" />
      </Owners>
      <TestCategory>
        <TestCategoryItem TestCategory="CIT" />
      </TestCategory>
      <TestMethod codeBase="F:/advisorsrepo/wcfhttp/Http/Test/Microsoft.ApplicationServer.Http/Scenario/bin/Debug/Microsoft.ApplicationServer.Http.CIT.Scenario.DLL" adapterTypeName="Microsoft.VisualStudio.TestTools.TestTypes.Unit.UnitTestAdapter, Microsoft.VisualStudio.QualityTools.Tips.UnitTest.Adapter, Version=10.0.0.0, Culture=neutral, PublicKeyToken=b03f5f7f11d50a3a" className="Microsoft.ApplicationServer.Http.CIT.Scenario.MissingPropertyServiceTests, Microsoft.ApplicationServer.Http.CIT.Scenario, Version=0.0.0.0, Culture=neutral, PublicKeyToken=null" name="MissingPropertyServiceTest4" />
    </UnitTest>
    <UnitTest name="OkServiceTest2" storage="f:\advisorsrepo\wcfhttp\http\test\microsoft.applicationserver.http\scenario\bin\debug\microsoft.applicationserver.http.cit.scenario.dll" id="6ecb8c1c-4570-db41-4bce-3984a917c541">
      <Execution timeOut="30000" id="a987404a-f0c6-42c4-8338-1fab8ed745ea" />
      <Owners>
        <Owner name="derik" />
      </Owners>
      <TestCategory>
        <TestCategoryItem TestCategory="ADP_Basics" />
        <TestCategoryItem TestCategory="CIT" />
      </TestCategory>
      <TestMethod codeBase="F:/advisorsrepo/wcfhttp/Http/Test/Microsoft.ApplicationServer.Http/Scenario/bin/Debug/Microsoft.ApplicationServer.Http.CIT.Scenario.DLL" adapterTypeName="Microsoft.VisualStudio.TestTools.TestTypes.Unit.UnitTestAdapter, Microsoft.VisualStudio.QualityTools.Tips.UnitTest.Adapter, Version=10.0.0.0, Culture=neutral, PublicKeyToken=b03f5f7f11d50a3a" className="Microsoft.ApplicationServer.Http.CIT.Scenario.OkServiceTests, Microsoft.ApplicationServer.Http.CIT.Scenario, Version=0.0.0.0, Culture=neutral, PublicKeyToken=null" name="OkServiceTest2" />
    </UnitTest>
    <UnitTest name="ArtifactScenario_GetArtifactsFoundBy" storage="f:\advisorsrepo\wcfhttp\http\test\microsoft.applicationserver.http\scenario\bin\debug\microsoft.applicationserver.http.cit.scenario.dll" id="e2b2f821-232e-beed-a60d-1fa617de5c1f">
      <Description>Demonstrates operation that directly manipulates HttpResponseMessage (see ArtifactService.GetArtifactsFoundBy)</Description>
      <Execution timeOut="30000" id="1ea7f467-b690-400c-b5cc-cdbd38342e03" />
      <Owners>
        <Owner name="vinelap" />
      </Owners>
      <TestCategory>
        <TestCategoryItem TestCategory="CIT" />
      </TestCategory>
      <TestMethod codeBase="F:/advisorsrepo/wcfhttp/Http/Test/Microsoft.ApplicationServer.Http/Scenario/bin/Debug/Microsoft.ApplicationServer.Http.CIT.Scenario.DLL" adapterTypeName="Microsoft.VisualStudio.TestTools.TestTypes.Unit.UnitTestAdapter, Microsoft.VisualStudio.QualityTools.Tips.UnitTest.Adapter, Version=10.0.0.0, Culture=neutral, PublicKeyToken=b03f5f7f11d50a3a" className="Microsoft.ApplicationServer.Http.CIT.Scenario.ArtifactScenarioTests, Microsoft.ApplicationServer.Http.CIT.Scenario, Version=0.0.0.0, Culture=neutral, PublicKeyToken=null" name="ArtifactScenario_GetArtifactsFoundBy" />
    </UnitTest>
    <UnitTest name="OneWayServiceTest8" storage="f:\advisorsrepo\wcfhttp\http\test\microsoft.applicationserver.http\scenario\bin\debug\microsoft.applicationserver.http.cit.scenario.dll" id="fd15e591-2aa8-1d22-3624-503ca84e7584">
      <Execution timeOut="30000" id="a30ef559-3e95-4d35-aca0-d616eba9600b" />
      <Owners>
        <Owner name="derik" />
      </Owners>
      <TestCategory>
        <TestCategoryItem TestCategory="CIT" />
      </TestCategory>
      <TestMethod codeBase="F:/advisorsrepo/wcfhttp/Http/Test/Microsoft.ApplicationServer.Http/Scenario/bin/Debug/Microsoft.ApplicationServer.Http.CIT.Scenario.DLL" adapterTypeName="Microsoft.VisualStudio.TestTools.TestTypes.Unit.UnitTestAdapter, Microsoft.VisualStudio.QualityTools.Tips.UnitTest.Adapter, Version=10.0.0.0, Culture=neutral, PublicKeyToken=b03f5f7f11d50a3a" className="Microsoft.ApplicationServer.Http.CIT.Scenario.OneWayServiceTests, Microsoft.ApplicationServer.Http.CIT.Scenario, Version=0.0.0.0, Culture=neutral, PublicKeyToken=null" name="OneWayServiceTest8" />
    </UnitTest>
    <UnitTest name="RequestFailureHandlerTest16" storage="f:\advisorsrepo\wcfhttp\http\test\microsoft.applicationserver.http\scenario\bin\debug\microsoft.applicationserver.http.cit.scenario.dll" id="eaad52bd-22fc-f126-feae-23ee7db28541">
      <Execution timeOut="30000" id="7311da3d-a2e7-4243-b914-35489a63073d" />
      <Owners>
        <Owner name="derik" />
      </Owners>
      <TestCategory>
        <TestCategoryItem TestCategory="CIT" />
      </TestCategory>
      <TestMethod codeBase="F:/advisorsrepo/wcfhttp/Http/Test/Microsoft.ApplicationServer.Http/Scenario/bin/Debug/Microsoft.ApplicationServer.Http.CIT.Scenario.DLL" adapterTypeName="Microsoft.VisualStudio.TestTools.TestTypes.Unit.UnitTestAdapter, Microsoft.VisualStudio.QualityTools.Tips.UnitTest.Adapter, Version=10.0.0.0, Culture=neutral, PublicKeyToken=b03f5f7f11d50a3a" className="Microsoft.ApplicationServer.Http.CIT.Scenario.RequestFailureHandlerTests, Microsoft.ApplicationServer.Http.CIT.Scenario, Version=0.0.0.0, Culture=neutral, PublicKeyToken=null" name="RequestFailureHandlerTest16" />
    </UnitTest>
    <UnitTest name="RedirectServiceTest4" storage="f:\advisorsrepo\wcfhttp\http\test\microsoft.applicationserver.http\scenario\bin\debug\microsoft.applicationserver.http.cit.scenario.dll" id="ba6331ee-0d35-e41d-20b4-6fedf3bdda9e">
      <Execution timeOut="30000" id="ef5eae76-fa02-48c9-b2ab-13e0c3f7f62f" />
      <Owners>
        <Owner name="derik" />
      </Owners>
      <TestCategory>
        <TestCategoryItem TestCategory="ADP_Basics" />
        <TestCategoryItem TestCategory="CIT" />
      </TestCategory>
      <TestMethod codeBase="F:/advisorsrepo/wcfhttp/Http/Test/Microsoft.ApplicationServer.Http/Scenario/bin/Debug/Microsoft.ApplicationServer.Http.CIT.Scenario.DLL" adapterTypeName="Microsoft.VisualStudio.TestTools.TestTypes.Unit.UnitTestAdapter, Microsoft.VisualStudio.QualityTools.Tips.UnitTest.Adapter, Version=10.0.0.0, Culture=neutral, PublicKeyToken=b03f5f7f11d50a3a" className="Microsoft.ApplicationServer.Http.CIT.Scenario.RedirectServiceTests, Microsoft.ApplicationServer.Http.CIT.Scenario, Version=0.0.0.0, Culture=neutral, PublicKeyToken=null" name="RedirectServiceTest4" />
    </UnitTest>
    <UnitTest name="NoHandlerTest4" storage="f:\advisorsrepo\wcfhttp\http\test\microsoft.applicationserver.http\scenario\bin\debug\microsoft.applicationserver.http.cit.scenario.dll" id="3fe7df62-cd26-7a7d-bbf1-cfbe628f7aac">
      <Execution timeOut="30000" id="659bc3c0-0b60-4d4c-bff9-7be1355317fa" />
      <Owners>
        <Owner name="derik" />
      </Owners>
      <TestCategory>
        <TestCategoryItem TestCategory="CIT" />
      </TestCategory>
      <TestMethod codeBase="F:/advisorsrepo/wcfhttp/Http/Test/Microsoft.ApplicationServer.Http/Scenario/bin/Debug/Microsoft.ApplicationServer.Http.CIT.Scenario.DLL" adapterTypeName="Microsoft.VisualStudio.TestTools.TestTypes.Unit.UnitTestAdapter, Microsoft.VisualStudio.QualityTools.Tips.UnitTest.Adapter, Version=10.0.0.0, Culture=neutral, PublicKeyToken=b03f5f7f11d50a3a" className="Microsoft.ApplicationServer.Http.CIT.Scenario.NoHandlerTests, Microsoft.ApplicationServer.Http.CIT.Scenario, Version=0.0.0.0, Culture=neutral, PublicKeyToken=null" name="NoHandlerTest4" />
    </UnitTest>
    <UnitTest name="NotFoundServiceTest3" storage="f:\advisorsrepo\wcfhttp\http\test\microsoft.applicationserver.http\scenario\bin\debug\microsoft.applicationserver.http.cit.scenario.dll" id="bc8eb5c5-5db8-a57c-1591-45d98b155fb5">
      <Execution timeOut="30000" id="92472453-a516-4b29-8188-ec948d0d5eb3" />
      <Owners>
        <Owner name="derik" />
      </Owners>
      <TestCategory>
        <TestCategoryItem TestCategory="CIT" />
        <TestCategoryItem TestCategory="ADP_Basics" />
      </TestCategory>
      <TestMethod codeBase="F:/advisorsrepo/wcfhttp/Http/Test/Microsoft.ApplicationServer.Http/Scenario/bin/Debug/Microsoft.ApplicationServer.Http.CIT.Scenario.DLL" adapterTypeName="Microsoft.VisualStudio.TestTools.TestTypes.Unit.UnitTestAdapter, Microsoft.VisualStudio.QualityTools.Tips.UnitTest.Adapter, Version=10.0.0.0, Culture=neutral, PublicKeyToken=b03f5f7f11d50a3a" className="Microsoft.ApplicationServer.Http.CIT.Scenario.NotFoundServiceTests, Microsoft.ApplicationServer.Http.CIT.Scenario, Version=0.0.0.0, Culture=neutral, PublicKeyToken=null" name="NotFoundServiceTest3" />
    </UnitTest>
[...]
    </UnitTestResult>
    <UnitTestResult executionId="b83e1647-b7b1-44d5-a276-2e440bdc614a" testId="f92f2431-d9b7-d874-8998-6315c571aff2" testName="RequestFailureHandlerTest4" computerName="GBLOCK-3-17" duration="00:00:00.0129136" startTime="2011-04-14T01:02:04.0960065-07:00" endTime="2011-04-14T01:02:04.1140083-07:00" testType="13cdc9d9-ddb5-4fa4-a97d-d965ccfc6d4b" outcome="Passed" testListId="8c84fa94-04c1-424b-9868-57a2d4851a1d" relativeResultsDirectory="b83e1647-b7b1-44d5-a276-2e440bdc614a">
    </UnitTestResult>
    <UnitTestResult executionId="212ad549-baae-46e7-a314-44157f09697b" testId="07ba8a7e-5146-66aa-d2a6-9f97da79fc4a" testName="RequestFailureHandlerTest5" computerName="GBLOCK-3-17" duration="00:00:00.0164824" startTime="2011-04-14T01:02:04.1170086-07:00" endTime="2011-04-14T01:02:04.1450114-07:00" testType="13cdc9d9-ddb5-4fa4-a97d-d965ccfc6d4b" outcome="Passed" testListId="8c84fa94-04c1-424b-9868-57a2d4851a1d" relativeResultsDirectory="212ad549-baae-46e7-a314-44157f09697b">
    </UnitTestResult>
    <UnitTestResult executionId="12dbe0f4-0b7b-4fab-8620-26f83433f2b9" testId="7cd6f6d1-a843-bd0f-abb5-35876a104d48" testName="RequestFailureHandlerTest6" computerName="GBLOCK-3-17" duration="00:00:00.0075506" startTime="2011-04-14T01:02:04.1580127-07:00" endTime="2011-04-14T01:02:04.1680137-07:00" testType="13cdc9d9-ddb5-4fa4-a97d-d965ccfc6d4b" outcome="Passed" testListId="8c84fa94-04c1-424b-9868-57a2d4851a1d" relativeResultsDirectory="12dbe0f4-0b7b-4fab-8620-26f83433f2b9">
    </UnitTestResult>
    <UnitTestResult executionId="21f1ba83-33bc-4037-97f1-663964cb8b8a" testId="f272c276-709e-c376-c381-0170dcb2316a" testName="RequestFailureHandlerTest7" computerName="GBLOCK-3-17" duration="00:00:00.0072430" startTime="2011-04-14T01:02:04.1720141-07:00" endTime="2011-04-14T01:02:04.1800149-07:00" testType="13cdc9d9-ddb5-4fa4-a97d-d965ccfc6d4b" outcome="Passed" testListId="8c84fa94-04c1-424b-9868-57a2d4851a1d" relativeResultsDirectory="21f1ba83-33bc-4037-97f1-663964cb8b8a">
    </UnitTestResult>
    <UnitTestResult executionId="5ecc74f9-8e50-4e60-96ef-0ac698923782" testId="e72b702d-3c3b-c917-d7af-3386f34457e6" testName="RequestFailureHandlerTest8" computerName="GBLOCK-3-17" duration="00:00:00.0071864" startTime="2011-04-14T01:02:04.1830152-07:00" endTime="2011-04-14T01:02:04.1920161-07:00" testType="13cdc9d9-ddb5-4fa4-a97d-d965ccfc6d4b" outcome="Passed" testListId="8c84fa94-04c1-424b-9868-57a2d4851a1d" relativeResultsDirectory="5ecc74f9-8e50-4e60-96ef-0ac698923782">
    </UnitTestResult>
    <UnitTestResult executionId="4869cafa-0973-4d8c-8b9f-c67aae4f51ed" testId="30a04436-234e-ceee-29ff-935dcff17890" testName="RequestFailureHandlerTest9" computerName="GBLOCK-3-17" duration="00:00:00.0070271" startTime="2011-04-14T01:02:04.1950164-07:00" endTime="2011-04-14T01:02:04.2060175-07:00" testType="13cdc9d9-ddb5-4fa4-a97d-d965ccfc6d4b" outcome="Passed" testListId="8c84fa94-04c1-424b-9868-57a2d4851a1d" relativeResultsDirectory="4869cafa-0973-4d8c-8b9f-c67aae4f51ed">
    </UnitTestResult>
    <UnitTestResult executionId="f9cb0cd4-9bba-4cb0-af15-66f8365e7ba9" testId="1459ec45-198c-fbc8-8bcd-7425f0cb2224" testName="ResponseFailureHandlerTest1" computerName="GBLOCK-3-17" duration="00:00:00.0226103" startTime="2011-04-14T01:02:04.2210190-07:00" endTime="2011-04-14T01:02:04.2520221-07:00" testType="13cdc9d9-ddb5-4fa4-a97d-d965ccfc6d4b" outcome="Passed" testListId="8c84fa94-04c1-424b-9868-57a2d4851a1d" relativeResultsDirectory="f9cb0cd4-9bba-4cb0-af15-66f8365e7ba9">
    </UnitTestResult>
    <UnitTestResult executionId="61ca9e50-5440-4b0e-90f8-7242fac79f06" testId="a6bb3691-d36a-8665-b99c-c448be712b68" testName="ResponseFailureHandlerTest2" computerName="GBLOCK-3-17" duration="00:00:00.0101948" startTime="2011-04-14T01:02:04.3520321-07:00" endTime="2011-04-14T01:02:04.3660335-07:00" testType="13cdc9d9-ddb5-4fa4-a97d-d965ccfc6d4b" outcome="Passed" testListId="8c84fa94-04c1-424b-9868-57a2d4851a1d" relativeResultsDirectory="61ca9e50-5440-4b0e-90f8-7242fac79f06">
    </UnitTestResult>
    <UnitTestResult executionId="235e45e7-d613-4497-a27d-cd168955145a" testId="221b606c-efad-4ac1-d67b-9bf5f2cf7cdc" testName="ResponseFailureHandlerTest3" computerName="GBLOCK-3-17" duration="00:00:00.0122715" startTime="2011-04-14T01:02:04.3770346-07:00" endTime="2011-04-14T01:02:04.4000369-07:00" testType="13cdc9d9-ddb5-4fa4-a97d-d965ccfc6d4b" outcome="Passed" testListId="8c84fa94-04c1-424b-9868-57a2d4851a1d" relativeResultsDirectory="235e45e7-d613-4497-a27d-cd168955145a">
    </UnitTestResult>
    <UnitTestResult executionId="83d413fe-a751-487c-8429-159382b83c70" testId="6e6b4421-0e8c-e3b6-64b6-74b12beb35d8" testName="ResponseFailureHandlerTest4" computerName="GBLOCK-3-17" duration="00:00:00.0129232" startTime="2011-04-14T01:02:04.4030372-07:00" endTime="2011-04-14T01:02:04.4260395-07:00" testType="13cdc9d9-ddb5-4fa4-a97d-d965ccfc6d4b" outcome="Passed" testListId="8c84fa94-04c1-424b-9868-57a2d4851a1d" relativeResultsDirectory="83d413fe-a751-487c-8429-159382b83c70">
    </UnitTestResult>
    <UnitTestResult executionId="c7f1b5a2-8d0a-498a-9573-b50058bf3271" testId="00745456-1145-5e60-461f-30399860a1d7" testName="ResponseFailureHandlerTest5" computerName="GBLOCK-3-17" duration="00:00:00.0131808" startTime="2011-04-14T01:02:04.4280397-07:00" endTime="2011-04-14T01:02:04.4430412-07:00" testType="13cdc9d9-ddb5-4fa4-a97d-d965ccfc6d4b" outcome="Passed" testListId="8c84fa94-04c1-424b-9868-57a2d4851a1d" relativeResultsDirectory="c7f1b5a2-8d0a-498a-9573-b50058bf3271">
    </UnitTestResult>
    <UnitTestResult executionId="893bce52-a643-4e80-ba9d-8dedfb8b25ff" testId="9cadce48-91d2-0589-1538-8017522a5842" testName="ResponseFailureHandlerTest6" computerName="GBLOCK-3-17" duration="00:00:00.0078813" startTime="2011-04-14T01:02:04.4460415-07:00" endTime="2011-04-14T01:02:04.4550424-07:00" testType="13cdc9d9-ddb5-4fa4-a97d-d965ccfc6d4b" outcome="Passed" testListId="8c84fa94-04c1-424b-9868-57a2d4851a1d" relativeResultsDirectory="893bce52-a643-4e80-ba9d-8dedfb8b25ff">
    </UnitTestResult>
    <UnitTestResult executionId="7625ad69-c0fe-4881-b1f3-7b1c4ef7c12d" testId="aa29ef63-4577-7df1-0db1-922aa15e9dc2" testName="ResponseFailureHandlerTest7" computerName="GBLOCK-3-17" duration="00:00:00.0075737" startTime="2011-04-14T01:02:04.4570426-07:00" endTime="2011-04-14T01:02:04.4650434-07:00" testType="13cdc9d9-ddb5-4fa4-a97d-d965ccfc6d4b" outcome="Passed" testListId="8c84fa94-04c1-424b-9868-57a2d4851a1d" relativeResultsDirectory="7625ad69-c0fe-4881-b1f3-7b1c4ef7c12d">
    </UnitTestResult>
    <UnitTestResult executionId="13321963-ba09-4116-8a57-1a239e31e466" testId="0a84608f-9c18-f167-736d-316e2fdbfe12" testName="ResponseFailureHandlerTest8" computerName="GBLOCK-3-17" duration="00:00:00.0099761" startTime="2011-04-14T01:02:04.4670436-07:00" endTime="2011-04-14T01:02:04.4800449-07:00" testType="13cdc9d9-ddb5-4fa4-a97d-d965ccfc6d4b" outcome="Passed" testListId="8c84fa94-04c1-424b-9868-57a2d4851a1d" relativeResultsDirectory="13321963-ba09-4116-8a57-1a239e31e466">
    </UnitTestResult>
    <UnitTestResult executionId="cfba3e97-2433-4efc-95e9-cc924f5bf62e" testId="9a07635f-fae1-d0b6-97b2-e1675a5498b7" testName="Create_Customer_That_Already_Exists" computerName="GBLOCK-3-17" duration="00:00:00.0264617" startTime="2011-04-14T01:02:04.4820451-07:00" endTime="2011-04-14T01:02:04.5110480-07:00" testType="13cdc9d9-ddb5-4fa4-a97d-d965ccfc6d4b" outcome="Passed" testListId="8c84fa94-04c1-424b-9868-57a2d4851a1d" relativeResultsDirectory="cfba3e97-2433-4efc-95e9-cc924f5bf62e">
    </UnitTestResult>
    <UnitTestResult executionId="002d218a-1adb-4beb-867f-8cd2a1d7fa73" testId="9a87ef54-f3c2-edf0-fb49-a94c5b95711c" testName="Create_New_Customer" computerName="GBLOCK-3-17" duration="00:00:00.0117161" startTime="2011-04-14T01:02:04.5140483-07:00" endTime="2011-04-14T01:02:04.5330502-07:00" testType="13cdc9d9-ddb5-4fa4-a97d-d965ccfc6d4b" outcome="Passed" testListId="8c84fa94-04c1-424b-9868-57a2d4851a1d" relativeResultsDirectory="002d218a-1adb-4beb-867f-8cd2a1d7fa73">
    </UnitTestResult>
    <UnitTestResult executionId="677139d3-0381-4b33-893d-d999514d286d" testId="1a290505-d063-c1b2-1688-69a6fe7418ad" testName="Delete_Existing_Customer" computerName="GBLOCK-3-17" duration="00:00:00.0076649" startTime="2011-04-14T01:02:04.5460515-07:00" endTime="2011-04-14T01:02:04.5620531-07:00" testType="13cdc9d9-ddb5-4fa4-a97d-d965ccfc6d4b" outcome="Passed" testListId="8c84fa94-04c1-424b-9868-57a2d4851a1d" relativeResultsDirectory="677139d3-0381-4b33-893d-d999514d286d">
    </UnitTestResult>
    <UnitTestResult executionId="a6dbed6c-fab7-49b5-a695-49dc6c78215c" testId="8bdea291-107b-50cb-f053-eac6565b593f" testName="Delete_Non_Existing_Customer" computerName="GBLOCK-3-17" duration="00:00:00.0074151" startTime="2011-04-14T01:02:04.5740543-07:00" endTime="2011-04-14T01:02:04.5990568-07:00" testType="13cdc9d9-ddb5-4fa4-a97d-d965ccfc6d4b" outcome="Passed" testListId="8c84fa94-04c1-424b-9868-57a2d4851a1d" relativeResultsDirectory="a6dbed6c-fab7-49b5-a695-49dc6c78215c">
    </UnitTestResult>
    <UnitTestResult executionId="1bb6fc25-5056-458c-be8f-485ec53efb99" testId="8f7db601-bb81-584c-a9d8-671dcf4ae868" testName="Get_All_Existing_Customer" computerName="GBLOCK-3-17" duration="00:00:00.0096539" startTime="2011-04-14T01:02:04.6110580-07:00" endTime="2011-04-14T01:02:04.6220591-07:00" testType="13cdc9d9-ddb5-4fa4-a97d-d965ccfc6d4b" outcome="Passed" testListId="8c84fa94-04c1-424b-9868-57a2d4851a1d" relativeResultsDirectory="1bb6fc25-5056-458c-be8f-485ec53efb99">
    </UnitTestResult>
    <UnitTestResult executionId="7e1ce797-a209-4b0f-a05f-602c8ac7dbc9" testId="ae1a9443-8988-bd36-83f9-4a059f861ac4" testName="Get_Existing_Customer" computerName="GBLOCK-3-17" duration="00:00:00.0058769" startTime="2011-04-14T01:02:04.6240593-07:00" endTime="2011-04-14T01:02:04.6310600-07:00" testType="13cdc9d9-ddb5-4fa4-a97d-d965ccfc6d4b" outcome="Passed" testListId="8c84fa94-04c1-424b-9868-57a2d4851a1d" relativeResultsDirectory="7e1ce797-a209-4b0f-a05f-602c8ac7dbc9">
    </UnitTestResult>
    <UnitTestResult executionId="f3f8ba21-3c5f-45bd-90d4-82a4e712238d" testId="4a655999-b148-94c5-e9d2-f5f4dce8e46f" testName="Get_Non_Existing_Customer" computerName="GBLOCK-3-17" duration="00:00:00.0053903" startTime="2011-04-14T01:02:04.6340603-07:00" endTime="2011-04-14T01:02:04.6410610-07:00" testType="13cdc9d9-ddb5-4fa4-a97d-d965ccfc6d4b" outcome="Passed" testListId="8c84fa94-04c1-424b-9868-57a2d4851a1d" relativeResultsDirectory="f3f8ba21-3c5f-45bd-90d4-82a4e712238d">
    </UnitTestResult>
    <UnitTestResult executionId="f87bcc81-e71b-485c-b00a-d19ae68ea105" testId="bb4827b4-80fe-b4d4-6d34-f8e968cebd37" testName="Get_With_Custom_Header_For_Customer_Names_Only" computerName="GBLOCK-3-17" duration="00:00:00.0052798" startTime="2011-04-14T01:02:04.6430612-07:00" endTime="2011-04-14T01:02:04.6490618-07:00" testType="13cdc9d9-ddb5-4fa4-a97d-d965ccfc6d4b" outcome="Passed" testListId="8c84fa94-04c1-424b-9868-57a2d4851a1d" relativeResultsDirectory="f87bcc81-e71b-485c-b00a-d19ae68ea105">
    </UnitTestResult>
    <UnitTestResult executionId="ac41a253-df2a-49b8-88c7-52a325f8a32a" testId="793dfc8a-9b3e-4bf5-47cd-c7a759f2cfb1" testName="Get_With_Non_Integer_Id" computerName="GBLOCK-3-17" duration="00:00:00.0071375" startTime="2011-04-14T01:02:04.6510620-07:00" endTime="2011-04-14T01:02:04.6600629-07:00" testType="13cdc9d9-ddb5-4fa4-a97d-d965ccfc6d4b" outcome="Passed" testListId="8c84fa94-04c1-424b-9868-57a2d4851a1d" relativeResultsDirectory="ac41a253-df2a-49b8-88c7-52a325f8a32a">
    </UnitTestResult>
    <UnitTestResult executionId="5e6605ce-faec-4e2e-82e3-ee4f765b2d70" testId="92d18f0e-f506-5440-57f6-2c7fb0ef32b4" testName="Send_Request_With_Unknown_Method" computerName="GBLOCK-3-17" duration="00:00:00.0051486" startTime="2011-04-14T01:02:04.6630632-07:00" endTime="2011-04-14T01:02:04.6700639-07:00" testType="13cdc9d9-ddb5-4fa4-a97d-d965ccfc6d4b" outcome="Passed" testListId="8c84fa94-04c1-424b-9868-57a2d4851a1d" relativeResultsDirectory="5e6605ce-faec-4e2e-82e3-ee4f765b2d70">
    </UnitTestResult>
    <UnitTestResult executionId="0e90022e-19d2-463a-ad5c-3399f49c2e3b" testId="0001a7c7-0d29-97ea-95df-87978b97237e" testName="Send_Request_With_Unknown_Uri" computerName="GBLOCK-3-17" duration="00:00:00.0048980" startTime="2011-04-14T01:02:04.6720641-07:00" endTime="2011-04-14T01:02:04.6790648-07:00" testType="13cdc9d9-ddb5-4fa4-a97d-d965ccfc6d4b" outcome="Passed" testListId="8c84fa94-04c1-424b-9868-57a2d4851a1d" relativeResultsDirectory="0e90022e-19d2-463a-ad5c-3399f49c2e3b">
    </UnitTestResult>
    <UnitTestResult executionId="b326e19c-a55d-4c77-9aed-35d5ae8fd543" testId="57220689-5fe7-e731-f740-76c47358b9e9" testName="Update_Existing_Customer" computerName="GBLOCK-3-17" duration="00:00:00.0058903" startTime="2011-04-14T01:02:04.6810650-07:00" endTime="2011-04-14T01:02:04.6880657-07:00" testType="13cdc9d9-ddb5-4fa4-a97d-d965ccfc6d4b" outcome="Passed" testListId="8c84fa94-04c1-424b-9868-57a2d4851a1d" relativeResultsDirectory="b326e19c-a55d-4c77-9aed-35d5ae8fd543">
    </UnitTestResult>
    <UnitTestResult executionId="f8172ef1-f75e-4965-9109-7908431c686a" testId="9af72250-d05c-59dd-600a-f78391ca5294" testName="Update_Non_Existing_Customer" computerName="GBLOCK-3-17" duration="00:00:00.0058699" startTime="2011-04-14T01:02:04.6900659-07:00" endTime="2011-04-14T01:02:04.6980667-07:00" testType="13cdc9d9-ddb5-4fa4-a97d-d965ccfc6d4b" outcome="Passed" testListId="8c84fa94-04c1-424b-9868-57a2d4851a1d" relativeResultsDirectory="f8172ef1-f75e-4965-9109-7908431c686a">
    </UnitTestResult>
    <UnitTestResult executionId="d11fa9bc-9c61-4f21-bf43-a2e9e3c8da34" testId="b0be3c3b-fcbf-17c3-4e08-26978cc83c42" testName="ShortCircuitHandlerTest1" computerName="GBLOCK-3-17" duration="00:00:00.0092790" startTime="2011-04-14T01:02:04.7000669-07:00" endTime="2011-04-14T01:02:04.7110680-07:00" testType="13cdc9d9-ddb5-4fa4-a97d-d965ccfc6d4b" outcome="Passed" testListId="8c84fa94-04c1-424b-9868-57a2d4851a1d" relativeResultsDirectory="d11fa9bc-9c61-4f21-bf43-a2e9e3c8da34">
    </UnitTestResult>
    <UnitTestResult executionId="5820bd87-7f14-4f2c-ad0d-80f7cad42fd8" testId="53e2e804-10fd-82ec-60fc-fb32efb60189" testName="ShortCircuitHandlerTest2" computerName="GBLOCK-3-17" duration="00:00:00.0058622" startTime="2011-04-14T01:02:04.7140683-07:00" endTime="2011-04-14T01:02:04.7210690-07:00" testType="13cdc9d9-ddb5-4fa4-a97d-d965ccfc6d4b" outcome="Passed" testListId="8c84fa94-04c1-424b-9868-57a2d4851a1d" relativeResultsDirectory="5820bd87-7f14-4f2c-ad0d-80f7cad42fd8">
    </UnitTestResult>
    <UnitTestResult executionId="5bd007e3-2c5e-40d3-bd17-98086c827a54" testId="5004cfd2-76d9-01a4-0af8-33992e1e608c" testName="ShortCircuitHandlerTest3" computerName="GBLOCK-3-17" duration="00:00:00.0055774" startTime="2011-04-14T01:02:04.7230692-07:00" endTime="2011-04-14T01:02:04.7300699-07:00" testType="13cdc9d9-ddb5-4fa4-a97d-d965ccfc6d4b" outcome="Passed" testListId="8c84fa94-04c1-424b-9868-57a2d4851a1d" relativeResultsDirectory="5bd007e3-2c5e-40d3-bd17-98086c827a54">
    </UnitTestResult>
    <UnitTestResult executionId="c1040d83-b5e8-4b4b-8919-276b35d9a63f" testId="ae52cac1-f095-4d8a-ddd3-3d3312da71cd" testName="ShortCircuitHandlerTest4" computerName="GBLOCK-3-17" duration="00:00:00.0057344" startTime="2011-04-14T01:02:04.7320701-07:00" endTime="2011-04-14T01:02:04.7390708-07:00" testType="13cdc9d9-ddb5-4fa4-a97d-d965ccfc6d4b" outcome="Passed" testListId="8c84fa94-04c1-424b-9868-57a2d4851a1d" relativeResultsDirectory="c1040d83-b5e8-4b4b-8919-276b35d9a63f">
    </UnitTestResult>
    <UnitTestResult executionId="dd0293e3-6e25-4e22-943d-90520c3bd075" testId="c37dfadd-c011-302c-0ace-dc9bd568b689" testName="ShortCircuitHandlerTest5" computerName="GBLOCK-3-17" duration="00:00:00.0127004" startTime="2011-04-14T01:02:04.7530722-07:00" endTime="2011-04-14T01:02:04.7680737-07:00" testType="13cdc9d9-ddb5-4fa4-a97d-d965ccfc6d4b" outcome="Passed" testListId="8c84fa94-04c1-424b-9868-57a2d4851a1d" relativeResultsDirectory="dd0293e3-6e25-4e22-943d-90520c3bd075">
    </UnitTestResult>
    <UnitTestResult executionId="099fd084-437a-4396-87aa-ec47a877b27c" testId="74bdc9c3-7462-4355-2680-3dca2efa6bbd" testName="ShortCircuitHandlerTest6" computerName="GBLOCK-3-17" duration="00:00:00.0074347" startTime="2011-04-14T01:02:04.7790748-07:00" endTime="2011-04-14T01:02:04.7910760-07:00" testType="13cdc9d9-ddb5-4fa4-a97d-d965ccfc6d4b" outcome="Passed" testListId="8c84fa94-04c1-424b-9868-57a2d4851a1d" relativeResultsDirectory="099fd084-437a-4396-87aa-ec47a877b27c">
    </UnitTestResult>
    <UnitTestResult executionId="717ecae1-6cd2-4a17-ba58-3542cbb69468" testId="9f473589-538d-9b07-3323-5155ba9a9575" testName="ShortCircuitHandlerTest7" computerName="GBLOCK-3-17" duration="00:00:00.0101101" startTime="2011-04-14T01:02:04.8020771-07:00" endTime="2011-04-14T01:02:04.8160785-07:00" testType="13cdc9d9-ddb5-4fa4-a97d-d965ccfc6d4b" outcome="Passed" testListId="8c84fa94-04c1-424b-9868-57a2d4851a1d" relativeResultsDirectory="717ecae1-6cd2-4a17-ba58-3542cbb69468">
    </UnitTestResult>
    <UnitTestResult executionId="e63ef29f-fbe8-4cfc-bd2c-9a3b22c139a7" testId="6a7ac1f1-0cb4-c623-f854-c01a527b76f0" testName="ShortCircuitHandlerTest8" computerName="GBLOCK-3-17" duration="00:00:00.0077993" startTime="2011-04-14T01:02:04.8290798-07:00" endTime="2011-04-14T01:02:04.8400809-07:00" testType="13cdc9d9-ddb5-4fa4-a97d-d965ccfc6d4b" outcome="Passed" testListId="8c84fa94-04c1-424b-9868-57a2d4851a1d" relativeResultsDirectory="e63ef29f-fbe8-4cfc-bd2c-9a3b22c139a7">
    </UnitTestResult>
    <UnitTestResult executionId="10ff0c15-315b-4eae-a864-248f0a8f7b06" testId="8a435ead-546e-d2f3-55b8-b44a7f1dbdde" testName="TimedoutServiceTest1" computerName="GBLOCK-3-17" duration="00:00:06.1097897" startTime="2011-04-14T01:02:04.8430812-07:00" endTime="2011-04-14T01:02:10.9556924-07:00" testType="13cdc9d9-ddb5-4fa4-a97d-d965ccfc6d4b" outcome="Passed" testListId="8c84fa94-04c1-424b-9868-57a2d4851a1d" relativeResultsDirectory="10ff0c15-315b-4eae-a864-248f0a8f7b06">
    </UnitTestResult>
    <UnitTestResult executionId="db6a2977-9d72-4ac0-b309-7be140f464f8" testId="57ea77c6-3002-36a7-98dd-0bd4c28d39fe" testName="TimedoutServiceTest2" computerName="GBLOCK-3-17" duration="00:00:06.0471153" startTime="2011-04-14T01:02:10.9576926-07:00" endTime="2011-04-14T01:02:17.0062974-07:00" testType="13cdc9d9-ddb5-4fa4-a97d-d965ccfc6d4b" outcome="Passed" testListId="8c84fa94-04c1-424b-9868-57a2d4851a1d" relativeResultsDirectory="db6a2977-9d72-4ac0-b309-7be140f464f8">
    </UnitTestResult>
    <UnitTestResult executionId="a00b5a74-fedd-4429-97f1-25397adbb6b8" testId="7560958f-2529-1e77-bb85-30dcc22f6748" testName="TimedoutServiceTest3" computerName="GBLOCK-3-17" duration="00:00:06.0539408" startTime="2011-04-14T01:02:17.0192987-07:00" endTime="2011-04-14T01:02:23.0739041-07:00" testType="13cdc9d9-ddb5-4fa4-a97d-d965ccfc6d4b" outcome="Passed" testListId="8c84fa94-04c1-424b-9868-57a2d4851a1d" relativeResultsDirectory="a00b5a74-fedd-4429-97f1-25397adbb6b8">
    </UnitTestResult>
    <UnitTestResult executionId="0b790e7f-505e-473f-88b2-77268d5f0d04" testId="0e593327-a1c9-a001-c528-1be3fbc4411c" testName="TimedoutServiceTest4" computerName="GBLOCK-3-17" duration="00:00:06.0498188" startTime="2011-04-14T01:02:23.0759043-07:00" endTime="2011-04-14T01:02:29.1275094-07:00" testType="13cdc9d9-ddb5-4fa4-a97d-d965ccfc6d4b" outcome="Passed" testListId="8c84fa94-04c1-424b-9868-57a2d4851a1d" relativeResultsDirectory="0b790e7f-505e-473f-88b2-77268d5f0d04">
    </UnitTestResult>
  </Results>
</TestRun>